[+] Containers:
 |- [+] Container: /Game/Maps/PianoTest
 |   |- [+] ActorDescs:
 |   |   |- Guid:053EBE214AA2935869395794A5ED3E6B BaseClass:/Game/FPSPuzzleSP/Blueprints/BP_Cables.BP_Cables_C NativeClass:/Script/Engine.Actor Name:BP_Cables_C_UAID_088FC3435E6A876601_1301760651 Label:BP_Cables7 SpatiallyLoaded:1 Bounds:IsValid=true, Min=(X=1290.000 Y=265.000 Z=-40.000), Max=(X=1290.000 Y=815.000 Z=60.000) RuntimeGrid:None EditorOnly:0 RuntimeOnly:0 HLODRelevant:0 FolderPath:PianoEnigma FolderGuid:D2D2281F40A8B5E5388399B752818580
 |   |   |- Guid:07B71E6A498DB3F7F14A308D732B5B9B BaseClass:/Game/FPSPuzzleSP/Blueprints/BP_Button.BP_Button_C NativeClass:/Script/Engine.Actor Name:BP_Button_C_UAID_088FC3435E6A876601_1301765652 Label:BP_Button8 SpatiallyLoaded:1 Bounds:IsValid=true, Min=(X=1387.500 Y=814.500 Z=49.713), Max=(X=1512.500 Y=939.500 Z=69.250) RuntimeGrid:None EditorOnly:0 RuntimeOnly:0 HLODRelevant:0 FolderPath:PianoEnigma FolderGuid:D2D2281F40A8B5E5388399B752818580
 |   |   |- Guid:08857F83415ED93B20F05A92226D55C2 BaseClass:/Game/FPSPuzzleSP/Blueprints/BP_Button.BP_Button_C NativeClass:/Script/Engine.Actor Name:BP_Button_C_UAID_088FC3435E6A876601_1301753650 Label:BP_Button7 SpatiallyLoaded:1 Bounds:IsValid=true, Min=(X=1227.500 Y=814.500 Z=49.713), Max=(X=1352.500 Y=939.500 Z=69.250) RuntimeGrid:None EditorOnly:0 RuntimeOnly:0 HLODRelevant:0 FolderPath:PianoEnigma FolderGuid:D2D2281F40A8B5E5388399B752818580
 |   |   |- Guid:0C4A9156495F01D6A64D649FA4F05C8A BaseClass:/Game/BP_StairDoor_Blueprint.BP_StairDoor_Blueprint_C NativeClass:/Script/Engine.Actor Name:BP_StairDoor_Blueprint_C_UAID_088FC3435E6A836701_2054427983 Label:BP_StairDoor_Blueprint SpatiallyLoaded:1 Bounds:IsValid=true, Min=(X=690.000 Y=-660.000 Z=58.000), Max=(X=1090.000 Y=-60.000 Z=78.000) RuntimeGrid:None EditorOnly:0 RuntimeOnly:0 HLODRelevant:0 FolderPath:PianoEnigma FolderGuid:D2D2281F40A8B5E5388399B752818580
 |   |   |- Guid:0F2274FB4CFFD5981DAFED945975310E BaseClass: NativeClass:/Script/Engine.PostProcessVolume Name:PostProcessVolume_0 Label:PostProcessVolume SpatiallyLoaded:0 Bounds:IsValid=true, Min=(X=0.000 Y=0.000 Z=400.000), Max=(X=200.000 Y=200.000 Z=600.000) RuntimeGrid:None EditorOnly:0 RuntimeOnly:0 HLODRelevant:0 FolderPath:Lighting FolderGuid:0BA5F0A04EADB18E70D5B180D08FA34B
 |   |   |- Guid:10EAA2BF40C78BE8978A52ACA2885A4D BaseClass:/Game/FPSPuzzleSP/Blueprints/BP_Button.BP_Button_C NativeClass:/Script/Engine.Actor Name:BP_Button_C_UAID_088FC3435E6A876601_1296281646 Label:BP_Button5 SpatiallyLoaded:1 Bounds:IsValid=true, Min=(X=927.500 Y=814.500 Z=49.713), Max=(X=1052.500 Y=939.500 Z=69.250) RuntimeGrid:None EditorOnly:0 RuntimeOnly:0 HLODRelevant:0 FolderPath:PianoEnigma FolderGuid:D2D2281F40A8B5E5388399B752818580
 |   |   |- Guid:11516D294A568321190487B818DBF9F5 BaseClass:/Game/FPSPuzzleSP/Blueprints/BP_Cables.BP_Cables_C NativeClass:/Script/Engine.Actor Name:BP_Cables_C_UAID_088FC3435E6A876601_1301773653 Label:BP_Cables8 SpatiallyLoaded:1 Bounds:IsValid=true, Min=(X=1450.000 Y=265.000 Z=-40.000), Max=(X=1450.000 Y=815.000 Z=60.000) RuntimeGrid:None EditorOnly:0 RuntimeOnly:0 HLODRelevant:0 FolderPath:PianoEnigma FolderGuid:D2D2281F40A8B5E5388399B752818580
 |   |   |- Guid:180D9FC8491E9FC02509BABC6659B14C BaseClass:/Game/FPSPuzzleSP/Blueprints/BP_Cables.BP_Cables_C NativeClass:/Script/Engine.Actor Name:BP_Cables_C_UAID_088FC3435E6A876601_1314454657 Label:BP_Cables10 SpatiallyLoaded:1 Bounds:IsValid=true, Min=(X=190.000 Y=265.000 Z=-40.000), Max=(X=190.000 Y=815.000 Z=60.000) RuntimeGrid:None EditorOnly:0 RuntimeOnly:0 HLODRelevant:0 FolderPath:PianoEnigma FolderGuid:D2D2281F40A8B5E5388399B752818580
 |   |   |- Guid:2069E56C4D5B118572FD98B52142E696 BaseClass: NativeClass:/Script/Engine.ExponentialHeightFog Name:ExponentialHeightFog_0 Label:ExponentialHeightFog SpatiallyLoaded:0 Bounds:IsValid=true, Min=(X=-5600.000 Y=-50.000 Z=-6850.000), Max=(X=-5600.000 Y=-50.000 Z=-6850.000) RuntimeGrid:None EditorOnly:0 RuntimeOnly:0 HLODRelevant:0 FolderPath:Lighting FolderGuid:0BA5F0A04EADB18E70D5B180D08FA34B
 |   |   |- Guid:20AE25A74148F856C3AEDA9F03168C65 BaseClass:/Game/FPSPuzzleSP/Blueprints/BP_Button.BP_Button_C NativeClass:/Script/Engine.Actor Name:BP_Button_C_UAID_088FC3435E6A866601_1637474457 Label:BP_Button SpatiallyLoaded:1 Bounds:IsValid=true, Min=(X=307.500 Y=814.500 Z=49.713), Max=(X=432.500 Y=939.500 Z=69.250) RuntimeGrid:None EditorOnly:0 RuntimeOnly:0 HLODRelevant:0 FolderPath:PianoEnigma FolderGuid:D2D2281F40A8B5E5388399B752818580
 |   |   |- Guid:23CECFD9416045DDD77928997E79F9D4 BaseClass: NativeClass:/Script/Engine.WorldDataLayers Name:WorldDataLayers Label:WorldDataLayers SpatiallyLoaded:0 Bounds:IsValid=true, Min=(X=0.000 Y=0.000 Z=0.000), Max=(X=0.000 Y=0.000 Z=0.000) RuntimeGrid:None EditorOnly:0 RuntimeOnly:0 HLODRelevant:0
 |   |   |- Guid:27244BF74A599E72E4D50CB316317CB7 BaseClass: NativeClass:/Script/Engine.PlayerStart Name:PlayerStart_0 Label:PlayerStart SpatiallyLoaded:0 Bounds:IsValid=true, Min=(X=860.000 Y=1280.000 Z=0.013), Max=(X=940.000 Y=1360.000 Z=184.013) RuntimeGrid:None EditorOnly:0 RuntimeOnly:0 HLODRelevant:0
 |   |   |- Guid:3970EE3E449C00AE9E0EB0A2D014F654 BaseClass:/Game/FPSPuzzleSP/Blueprints/BP_PhysicObjectBase.BP_PhysicObjectBase_C NativeClass:/Script/Engine.Actor Name:BP_PhysicObjectBase_C_UAID_088FC3435E6A876601_2041180660 Label:BP_PhysicObjectBase SpatiallyLoaded:1 Bounds:IsValid=true, Min=(X=220.000 Y=1370.000 Z=120.000), Max=(X=300.000 Y=1450.000 Z=200.000) RuntimeGrid:None EditorOnly:0 RuntimeOnly:0 HLODRelevant:0
 |   |   |- Guid:5C52304F4E5C34747D720DA80D56420C BaseClass:/Game/FPSPuzzleSP/Blueprints/BP_Cables.BP_Cables_C NativeClass:/Script/Engine.Actor Name:BP_Cables_C_UAID_088FC3435E6A876601_1296294649 Label:BP_Cables6 SpatiallyLoaded:1 Bounds:IsValid=true, Min=(X=1140.000 Y=265.000 Z=-40.000), Max=(X=1140.000 Y=815.000 Z=60.000) RuntimeGrid:None EditorOnly:0 RuntimeOnly:0 HLODRelevant:0 FolderPath:PianoEnigma FolderGuid:D2D2281F40A8B5E5388399B752818580
 |   |   |- Guid:6193193546831E0AFF4A1B9599C30CB9 BaseClass: NativeClass:/Script/Engine.SkyAtmosphere Name:SkyAtmosphere_0 Label:SkyAtmosphere SpatiallyLoaded:0 Bounds:IsValid=true, Min=(X=0.000 Y=0.000 Z=1020.000), Max=(X=0.000 Y=0.000 Z=1020.000) RuntimeGrid:None EditorOnly:0 RuntimeOnly:0 HLODRelevant:0 FolderPath:Lighting FolderGuid:0BA5F0A04EADB18E70D5B180D08FA34B
 |   |   |- Guid:6CDEBF9A4512686DCBFEC3A6F6C4B4D0 BaseClass:/Game/FPSPuzzleSP/Blueprints/BP_Button.BP_Button_C NativeClass:/Script/Engine.Actor Name:BP_Button_C_UAID_088FC3435E6A876601_1270716640 Label:BP_Button2 SpatiallyLoaded:1 Bounds:IsValid=true, Min=(X=467.500 Y=814.500 Z=49.713), Max=(X=592.500 Y=939.500 Z=69.250) RuntimeGrid:None EditorOnly:0 RuntimeOnly:0 HLODRelevant:0 FolderPath:PianoEnigma FolderGuid:D2D2281F40A8B5E5388399B752818580
 |   |   |- Guid:6D0B11A3424F2B5C7C060B841DC88223 BaseClass:/Game/FPSPuzzleSP/Blueprints/BP_Button.BP_Button_C NativeClass:/Script/Engine.Actor Name:BP_Button_C_UAID_088FC3435E6A876601_1494875658 Label:BP_Button11 SpatiallyLoaded:1 Bounds:IsValid=true, Min=(X=125.000 Y=1745.000 Z=49.713), Max=(X=375.000 Y=1995.000 Z=69.250) RuntimeGrid:None EditorOnly:0 RuntimeOnly:0 HLODRelevant:0 FolderPath:DoorEnigma FolderGuid:CE9C6B0545ECA287382BD39C0401609A
 |   |   |- Guid:6E46BD4E44CFD55A6D43FCB9373F5A0F BaseClass:/Game/FPSPuzzleSP/Blueprints/BP_Button.BP_Button_C NativeClass:/Script/Engine.Actor Name:BP_Button_C_UAID_088FC3435E6A876601_1296268644 Label:BP_Button4 SpatiallyLoaded:1 Bounds:IsValid=true, Min=(X=767.500 Y=814.500 Z=49.713), Max=(X=892.500 Y=939.500 Z=69.250) RuntimeGrid:None EditorOnly:0 RuntimeOnly:0 HLODRelevant:0 FolderPath:PianoEnigma FolderGuid:D2D2281F40A8B5E5388399B752818580
 |   |   |- Guid:7529875E4BFB761FECF2AB83F99A6E15 BaseClass:/Game/FPSPuzzleSP/Blueprints/BP_Button.BP_Button_C NativeClass:/Script/Engine.Actor Name:BP_Button_C_UAID_088FC3435E6A876601_1296289648 Label:BP_Button6 SpatiallyLoaded:1 Bounds:IsValid=true, Min=(X=1077.500 Y=814.500 Z=49.713), Max=(X=1202.500 Y=939.500 Z=69.250) RuntimeGrid:None EditorOnly:0 RuntimeOnly:0 HLODRelevant:0 FolderPath:PianoEnigma FolderGuid:D2D2281F40A8B5E5388399B752818580
 |   |   |- Guid:837EEAC64984014C06D5EE9BE31BBE94 BaseClass:/Game/FPSPuzzleSP/Blueprints/BP_Button.BP_Button_C NativeClass:/Script/Engine.Actor Name:BP_Button_C_UAID_088FC3435E6A876601_1301778654 Label:BP_Button9 SpatiallyLoaded:1 Bounds:IsValid=true, Min=(X=1537.500 Y=814.500 Z=49.713), Max=(X=1662.500 Y=939.500 Z=69.250) RuntimeGrid:None EditorOnly:0 RuntimeOnly:0 HLODRelevant:0 FolderPath:PianoEnigma FolderGuid:D2D2281F40A8B5E5388399B752818580
 |   |   |- Guid:83FE62E84344E602C075FEB812F4B3C2 BaseClass:/Game/FPSPuzzleSP/Blueprints/BP_Cables.BP_Cables_C NativeClass:/Script/Engine.Actor Name:BP_Cables_C_UAID_088FC3435E6A876601_1283876643 Label:BP_Cables3 SpatiallyLoaded:1 Bounds:IsValid=true, Min=(X=680.000 Y=265.000 Z=-40.000), Max=(X=680.000 Y=815.000 Z=60.000) RuntimeGrid:None EditorOnly:0 RuntimeOnly:0 HLODRelevant:0 FolderPath:PianoEnigma FolderGuid:D2D2281F40A8B5E5388399B752818580
 |   |   |- Guid:A76CBAE94A2017DB19FEE7BBB7AD5731 BaseClass: NativeClass:/Script/Engine.TextRenderActor Name:TextRenderActor_1 Label:TextRenderActor SpatiallyLoaded:1 Bounds:IsValid=true, Min=(X=-0.100 Y=1100.000 Z=65.013), Max=(X=-0.100 Y=2363.461 Z=215.013) RuntimeGrid:None EditorOnly:0 RuntimeOnly:0 HLODRelevant:0
 |   |   |- Guid:A7A790C44112DD24ACBA56B3D1904DEA BaseClass: NativeClass:/Script/Engine.DirectionalLight Name:DirectionalLight_1 Label:DirectionalLight SpatiallyLoaded:0 Bounds:IsValid=true, Min=(X=-4398046511104.000 Y=-4398046511104.000 Z=-4398046511104.000), Max=(X=4398046511104.000 Y=4398046511104.000 Z=4398046511104.000) RuntimeGrid:None EditorOnly:0 RuntimeOnly:0 HLODRelevant:0 FolderPath:Lighting FolderGuid:0BA5F0A04EADB18E70D5B180D08FA34B
 |   |   |- Guid:A98FB34449741D62A382498DCB97C7A0 BaseClass: NativeClass:/Script/Engine.StaticMeshActor Name:StaticMeshActor_UAID_088FC3435E6A836601_1995890927 Label:Cube SpatiallyLoaded:1 Bounds:IsValid=true, Min=(X=-430.000 Y=-700.000 Z=27.500), Max=(X=2570.000 Y=2300.000 Z=52.500) RuntimeGrid:None EditorOnly:0 RuntimeOnly:0 HLODRelevant:1
 |   |   |- Guid:B1B23098467152CD1C32E4BED7C1B2FA BaseClass: NativeClass:/Script/Engine.SkyLight Name:SkyLight_0 Label:SkyLight SpatiallyLoaded:0 Bounds:IsValid=true, Min=(X=0.000 Y=0.000 Z=690.000), Max=(X=0.000 Y=0.000 Z=690.000) RuntimeGrid:None EditorOnly:0 RuntimeOnly:0 HLODRelevant:0 FolderPath:Lighting FolderGuid:0BA5F0A04EADB18E70D5B180D08FA34B
 |   |   |- Guid:B47F72B24C17C5445FC49B918637460D BaseClass:/Game/FPSPuzzleSP/Blueprints/BP_Cables.BP_Cables_C NativeClass:/Script/Engine.Actor Name:BP_Cables_C_UAID_088FC3435E6A876601_1296285647 Label:BP_Cables5 SpatiallyLoaded:1 Bounds:IsValid=true, Min=(X=990.000 Y=265.000 Z=-40.000), Max=(X=990.000 Y=815.000 Z=60.000) RuntimeGrid:None EditorOnly:0 RuntimeOnly:0 HLODRelevant:0 FolderPath:PianoEnigma FolderGuid:D2D2281F40A8B5E5388399B752818580
 |   |   |- Guid:B545B38B4A5EE8339222B7B654230044 BaseClass:/Game/FPSPuzzleSP/Blueprints/BP_Cables.BP_Cables_C NativeClass:/Script/Engine.Actor Name:BP_Cables_C_UAID_088FC3435E6A876601_1270734641 Label:BP_Cables2 SpatiallyLoaded:1 Bounds:IsValid=true, Min=(X=530.000 Y=265.000 Z=-40.000), Max=(X=530.000 Y=815.000 Z=60.000) RuntimeGrid:None EditorOnly:0 RuntimeOnly:0 HLODRelevant:0 FolderPath:PianoEnigma FolderGuid:D2D2281F40A8B5E5388399B752818580
 |   |   |- Guid:B5C0C3A141E6E3126FC8A5B169BB7BA5 BaseClass:/Game/FPSPuzzleSP/Blueprints/BP_Cables.BP_Cables_C NativeClass:/Script/Engine.Actor Name:BP_Cables_C_UAID_088FC3435E6A876601_1301782655 Label:BP_Cables9 SpatiallyLoaded:1 Bounds:IsValid=true, Min=(X=1600.000 Y=265.000 Z=-40.000), Max=(X=1600.000 Y=815.000 Z=60.000) RuntimeGrid:None EditorOnly:0 RuntimeOnly:0 HLODRelevant:0 FolderPath:PianoEnigma FolderGuid:D2D2281F40A8B5E5388399B752818580
 |   |   |- Guid:B606BA8B4C0B42861ED9EA8DD4E4CE9E BaseClass:/Game/FPSPuzzleSP/Blueprints/BP_Cables.BP_Cables_C NativeClass:/Script/Engine.Actor Name:BP_Cables_C_UAID_088FC3435E6A876601_1296274645 Label:BP_Cables4 SpatiallyLoaded:1 Bounds:IsValid=true, Min=(X=830.000 Y=265.000 Z=-40.000), Max=(X=830.000 Y=815.000 Z=60.000) RuntimeGrid:None EditorOnly:0 RuntimeOnly:0 HLODRelevant:0 FolderPath:PianoEnigma FolderGuid:D2D2281F40A8B5E5388399B752818580
 |   |   |- Guid:DA911D544B619967AB2F1496DF7917EE BaseClass: NativeClass:/Script/Engine.VolumetricCloud Name:VolumetricCloud_0 Label:VolumetricCloud SpatiallyLoaded:0 Bounds:IsValid=true, Min=(X=0.000 Y=0.000 Z=820.000), Max=(X=0.000 Y=0.000 Z=820.000) RuntimeGrid:None EditorOnly:0 RuntimeOnly:0 HLODRelevant:0 FolderPath:Lighting FolderGuid:0BA5F0A04EADB18E70D5B180D08FA34B
 |   |   |- Guid:DFAC11EB4B303EF6ECAB0896DE058BBD BaseClass:/Game/FPSPuzzleSP/Blueprints/BP_Cables.BP_Cables_C NativeClass:/Script/Engine.Actor Name:BP_Cables_C_UAID_088FC3435E6A866601_1922142463 Label:BP_Cables SpatiallyLoaded:1 Bounds:IsValid=true, Min=(X=370.000 Y=265.000 Z=-40.000), Max=(X=370.000 Y=815.000 Z=60.000) RuntimeGrid:None EditorOnly:0 RuntimeOnly:0 HLODRelevant:0 FolderPath:PianoEnigma FolderGuid:D2D2281F40A8B5E5388399B752818580
 |   |   |- Guid:E540C16C4036F54D63D77E82B4A8265C BaseClass:/Game/FPSPuzzleSP/Blueprints/BP_Button.BP_Button_C NativeClass:/Script/Engine.Actor Name:BP_Button_C_UAID_088FC3435E6A876601_1314451656 Label:BP_Button10 SpatiallyLoaded:1 Bounds:IsValid=true, Min=(X=127.500 Y=814.500 Z=49.713), Max=(X=252.500 Y=939.500 Z=69.250) RuntimeGrid:None EditorOnly:0 RuntimeOnly:0 HLODRelevant:0 FolderPath:PianoEnigma FolderGuid:D2D2281F40A8B5E5388399B752818580
 |   |   |- Guid:E961FA534E34CDFBA9CCD7BBAC46CC5E BaseClass:/Game/FPSPuzzleSP/Blueprints/BP_Door.BP_Door_C NativeClass:/Script/Engine.Actor Name:BP_Door_C_UAID_088FC3435E6A876601_1504363659 Label:BP_Door SpatiallyLoaded:1 Bounds:IsValid=true, Min=(X=1492.500 Y=1620.000 Z=50.000), Max=(X=1497.500 Y=2020.000 Z=450.000) RuntimeGrid:None EditorOnly:0 RuntimeOnly:0 HLODRelevant:0 FolderPath:DoorEnigma FolderGuid:CE9C6B0545ECA287382BD39C0401609A
 |   |   |- Guid:EA91071C4413C319AA210FBF233C09BB BaseClass: NativeClass:/Script/Engine.StaticMeshActor Name:StaticMeshActor_UAID_A4AE111137DC5EFB00_2001720423 Label:SM_SkySphere SpatiallyLoaded:0 Bounds:IsValid=true, Min=(X=-1638400.000 Y=-1638400.000 Z=-1638400.000), Max=(X=1638400.000 Y=1638400.000 Z=1638400.000) RuntimeGrid:None EditorOnly:0 RuntimeOnly:0 HLODRelevant:1 FolderPath:Lighting FolderGuid:0BA5F0A04EADB18E70D5B180D08FA34B
 |   |   |- Guid:FF859FAC4D15010826ED5190CAA9FBBC BaseClass:/Game/FPSPuzzleSP/Blueprints/BP_Button.BP_Button_C NativeClass:/Script/Engine.Actor Name:BP_Button_C_UAID_088FC3435E6A876601_1283865642 Label:BP_Button3 SpatiallyLoaded:1 Bounds:IsValid=true, Min=(X=617.500 Y=814.500 Z=49.713), Max=(X=742.500 Y=939.500 Z=69.250) RuntimeGrid:None EditorOnly:0 RuntimeOnly:0 HLODRelevant:0 FolderPath:PianoEnigma FolderGuid:D2D2281F40A8B5E5388399B752818580
 |   |- [+] Clusters:
 |   |   |- [+] [  0]
 |   |   |   |- Guid:A98FB34449741D62A382498DCB97C7A0 BaseClass: NativeClass:/Script/Engine.StaticMeshActor Name:StaticMeshActor_UAID_088FC3435E6A836601_1995890927 Label:Cube SpatiallyLoaded:1 Bounds:IsValid=true, Min=(X=-430.000 Y=-700.000 Z=27.500), Max=(X=2570.000 Y=2300.000 Z=52.500) RuntimeGrid:None EditorOnly:0 RuntimeOnly:0 HLODRelevant:1
 |   |   |- [+] [  1]
 |   |   |   |- Guid:FF859FAC4D15010826ED5190CAA9FBBC BaseClass:/Game/FPSPuzzleSP/Blueprints/BP_Button.BP_Button_C NativeClass:/Script/Engine.Actor Name:BP_Button_C_UAID_088FC3435E6A876601_1283865642 Label:BP_Button3 SpatiallyLoaded:1 Bounds:IsValid=true, Min=(X=617.500 Y=814.500 Z=49.713), Max=(X=742.500 Y=939.500 Z=69.250) RuntimeGrid:None EditorOnly:0 RuntimeOnly:0 HLODRelevant:0 FolderPath:PianoEnigma FolderGuid:D2D2281F40A8B5E5388399B752818580
 |   |   |   |- Guid:83FE62E84344E602C075FEB812F4B3C2 BaseClass:/Game/FPSPuzzleSP/Blueprints/BP_Cables.BP_Cables_C NativeClass:/Script/Engine.Actor Name:BP_Cables_C_UAID_088FC3435E6A876601_1283876643 Label:BP_Cables3 SpatiallyLoaded:1 Bounds:IsValid=true, Min=(X=680.000 Y=265.000 Z=-40.000), Max=(X=680.000 Y=815.000 Z=60.000) RuntimeGrid:None EditorOnly:0 RuntimeOnly:0 HLODRelevant:0 FolderPath:PianoEnigma FolderGuid:D2D2281F40A8B5E5388399B752818580
 |   |   |- [+] [  2]
 |   |   |   |- Guid:A7A790C44112DD24ACBA56B3D1904DEA BaseClass: NativeClass:/Script/Engine.DirectionalLight Name:DirectionalLight_1 Label:DirectionalLight SpatiallyLoaded:0 Bounds:IsValid=true, Min=(X=-4398046511104.000 Y=-4398046511104.000 Z=-4398046511104.000), Max=(X=4398046511104.000 Y=4398046511104.000 Z=4398046511104.000) RuntimeGrid:None EditorOnly:0 RuntimeOnly:0 HLODRelevant:0 FolderPath:Lighting FolderGuid:0BA5F0A04EADB18E70D5B180D08FA34B
 |   |   |- [+] [  3]
 |   |   |   |- Guid:B1B23098467152CD1C32E4BED7C1B2FA BaseClass: NativeClass:/Script/Engine.SkyLight Name:SkyLight_0 Label:SkyLight SpatiallyLoaded:0 Bounds:IsValid=true, Min=(X=0.000 Y=0.000 Z=690.000), Max=(X=0.000 Y=0.000 Z=690.000) RuntimeGrid:None EditorOnly:0 RuntimeOnly:0 HLODRelevant:0 FolderPath:Lighting FolderGuid:0BA5F0A04EADB18E70D5B180D08FA34B
 |   |   |- [+] [  4]
 |   |   |   |- Guid:A76CBAE94A2017DB19FEE7BBB7AD5731 BaseClass: NativeClass:/Script/Engine.TextRenderActor Name:TextRenderActor_1 Label:TextRenderActor SpatiallyLoaded:1 Bounds:IsValid=true, Min=(X=-0.100 Y=1100.000 Z=65.013), Max=(X=-0.100 Y=2363.461 Z=215.013) RuntimeGrid:None EditorOnly:0 RuntimeOnly:0 HLODRelevant:0
 |   |   |- [+] [  5]
 |   |   |   |- Guid:2069E56C4D5B118572FD98B52142E696 BaseClass: NativeClass:/Script/Engine.ExponentialHeightFog Name:ExponentialHeightFog_0 Label:ExponentialHeightFog SpatiallyLoaded:0 Bounds:IsValid=true, Min=(X=-5600.000 Y=-50.000 Z=-6850.000), Max=(X=-5600.000 Y=-50.000 Z=-6850.000) RuntimeGrid:None EditorOnly:0 RuntimeOnly:0 HLODRelevant:0 FolderPath:Lighting FolderGuid:0BA5F0A04EADB18E70D5B180D08FA34B
 |   |   |- [+] [  6]
 |   |   |   |- Guid:20AE25A74148F856C3AEDA9F03168C65 BaseClass:/Game/FPSPuzzleSP/Blueprints/BP_Button.BP_Button_C NativeClass:/Script/Engine.Actor Name:BP_Button_C_UAID_088FC3435E6A866601_1637474457 Label:BP_Button SpatiallyLoaded:1 Bounds:IsValid=true, Min=(X=307.500 Y=814.500 Z=49.713), Max=(X=432.500 Y=939.500 Z=69.250) RuntimeGrid:None EditorOnly:0 RuntimeOnly:0 HLODRelevant:0 FolderPath:PianoEnigma FolderGuid:D2D2281F40A8B5E5388399B752818580
 |   |   |   |- Guid:DFAC11EB4B303EF6ECAB0896DE058BBD BaseClass:/Game/FPSPuzzleSP/Blueprints/BP_Cables.BP_Cables_C NativeClass:/Script/Engine.Actor Name:BP_Cables_C_UAID_088FC3435E6A866601_1922142463 Label:BP_Cables SpatiallyLoaded:1 Bounds:IsValid=true, Min=(X=370.000 Y=265.000 Z=-40.000), Max=(X=370.000 Y=815.000 Z=60.000) RuntimeGrid:None EditorOnly:0 RuntimeOnly:0 HLODRelevant:0 FolderPath:PianoEnigma FolderGuid:D2D2281F40A8B5E5388399B752818580
 |   |   |- [+] [  7]
 |   |   |   |- Guid:6CDEBF9A4512686DCBFEC3A6F6C4B4D0 BaseClass:/Game/FPSPuzzleSP/Blueprints/BP_Button.BP_Button_C NativeClass:/Script/Engine.Actor Name:BP_Button_C_UAID_088FC3435E6A876601_1270716640 Label:BP_Button2 SpatiallyLoaded:1 Bounds:IsValid=true, Min=(X=467.500 Y=814.500 Z=49.713), Max=(X=592.500 Y=939.500 Z=69.250) RuntimeGrid:None EditorOnly:0 RuntimeOnly:0 HLODRelevant:0 FolderPath:PianoEnigma FolderGuid:D2D2281F40A8B5E5388399B752818580
 |   |   |   |- Guid:B545B38B4A5EE8339222B7B654230044 BaseClass:/Game/FPSPuzzleSP/Blueprints/BP_Cables.BP_Cables_C NativeClass:/Script/Engine.Actor Name:BP_Cables_C_UAID_088FC3435E6A876601_1270734641 Label:BP_Cables2 SpatiallyLoaded:1 Bounds:IsValid=true, Min=(X=530.000 Y=265.000 Z=-40.000), Max=(X=530.000 Y=815.000 Z=60.000) RuntimeGrid:None EditorOnly:0 RuntimeOnly:0 HLODRelevant:0 FolderPath:PianoEnigma FolderGuid:D2D2281F40A8B5E5388399B752818580
 |   |   |- [+] [  8]
 |   |   |   |- Guid:08857F83415ED93B20F05A92226D55C2 BaseClass:/Game/FPSPuzzleSP/Blueprints/BP_Button.BP_Button_C NativeClass:/Script/Engine.Actor Name:BP_Button_C_UAID_088FC3435E6A876601_1301753650 Label:BP_Button7 SpatiallyLoaded:1 Bounds:IsValid=true, Min=(X=1227.500 Y=814.500 Z=49.713), Max=(X=1352.500 Y=939.500 Z=69.250) RuntimeGrid:None EditorOnly:0 RuntimeOnly:0 HLODRelevant:0 FolderPath:PianoEnigma FolderGuid:D2D2281F40A8B5E5388399B752818580
 |   |   |   |- Guid:053EBE214AA2935869395794A5ED3E6B BaseClass:/Game/FPSPuzzleSP/Blueprints/BP_Cables.BP_Cables_C NativeClass:/Script/Engine.Actor Name:BP_Cables_C_UAID_088FC3435E6A876601_1301760651 Label:BP_Cables7 SpatiallyLoaded:1 Bounds:IsValid=true, Min=(X=1290.000 Y=265.000 Z=-40.000), Max=(X=1290.000 Y=815.000 Z=60.000) RuntimeGrid:None EditorOnly:0 RuntimeOnly:0 HLODRelevant:0 FolderPath:PianoEnigma FolderGuid:D2D2281F40A8B5E5388399B752818580
 |   |   |- [+] [  9]
 |   |   |   |- Guid:DA911D544B619967AB2F1496DF7917EE BaseClass: NativeClass:/Script/Engine.VolumetricCloud Name:VolumetricCloud_0 Label:VolumetricCloud SpatiallyLoaded:0 Bounds:IsValid=true, Min=(X=0.000 Y=0.000 Z=820.000), Max=(X=0.000 Y=0.000 Z=820.000) RuntimeGrid:None EditorOnly:0 RuntimeOnly:0 HLODRelevant:0 FolderPath:Lighting FolderGuid:0BA5F0A04EADB18E70D5B180D08FA34B
 |   |   |- [+] [ 10]
 |   |   |   |- Guid:3970EE3E449C00AE9E0EB0A2D014F654 BaseClass:/Game/FPSPuzzleSP/Blueprints/BP_PhysicObjectBase.BP_PhysicObjectBase_C NativeClass:/Script/Engine.Actor Name:BP_PhysicObjectBase_C_UAID_088FC3435E6A876601_2041180660 Label:BP_PhysicObjectBase SpatiallyLoaded:1 Bounds:IsValid=true, Min=(X=220.000 Y=1370.000 Z=120.000), Max=(X=300.000 Y=1450.000 Z=200.000) RuntimeGrid:None EditorOnly:0 RuntimeOnly:0 HLODRelevant:0
 |   |   |- [+] [ 11]
 |   |   |   |- Guid:10EAA2BF40C78BE8978A52ACA2885A4D BaseClass:/Game/FPSPuzzleSP/Blueprints/BP_Button.BP_Button_C NativeClass:/Script/Engine.Actor Name:BP_Button_C_UAID_088FC3435E6A876601_1296281646 Label:BP_Button5 SpatiallyLoaded:1 Bounds:IsValid=true, Min=(X=927.500 Y=814.500 Z=49.713), Max=(X=1052.500 Y=939.500 Z=69.250) RuntimeGrid:None EditorOnly:0 RuntimeOnly:0 HLODRelevant:0 FolderPath:PianoEnigma FolderGuid:D2D2281F40A8B5E5388399B752818580
 |   |   |   |- Guid:B47F72B24C17C5445FC49B918637460D BaseClass:/Game/FPSPuzzleSP/Blueprints/BP_Cables.BP_Cables_C NativeClass:/Script/Engine.Actor Name:BP_Cables_C_UAID_088FC3435E6A876601_1296285647 Label:BP_Cables5 SpatiallyLoaded:1 Bounds:IsValid=true, Min=(X=990.000 Y=265.000 Z=-40.000), Max=(X=990.000 Y=815.000 Z=60.000) RuntimeGrid:None EditorOnly:0 RuntimeOnly:0 HLODRelevant:0 FolderPath:PianoEnigma FolderGuid:D2D2281F40A8B5E5388399B752818580
 |   |   |- [+] [ 12]
 |   |   |   |- Guid:6193193546831E0AFF4A1B9599C30CB9 BaseClass: NativeClass:/Script/Engine.SkyAtmosphere Name:SkyAtmosphere_0 Label:SkyAtmosphere SpatiallyLoaded:0 Bounds:IsValid=true, Min=(X=0.000 Y=0.000 Z=1020.000), Max=(X=0.000 Y=0.000 Z=1020.000) RuntimeGrid:None EditorOnly:0 RuntimeOnly:0 HLODRelevant:0 FolderPath:Lighting FolderGuid:0BA5F0A04EADB18E70D5B180D08FA34B
 |   |   |- [+] [ 13]
 |   |   |   |- Guid:EA91071C4413C319AA210FBF233C09BB BaseClass: NativeClass:/Script/Engine.StaticMeshActor Name:StaticMeshActor_UAID_A4AE111137DC5EFB00_2001720423 Label:SM_SkySphere SpatiallyLoaded:0 Bounds:IsValid=true, Min=(X=-1638400.000 Y=-1638400.000 Z=-1638400.000), Max=(X=1638400.000 Y=1638400.000 Z=1638400.000) RuntimeGrid:None EditorOnly:0 RuntimeOnly:0 HLODRelevant:1 FolderPath:Lighting FolderGuid:0BA5F0A04EADB18E70D5B180D08FA34B
 |   |   |- [+] [ 14]
 |   |   |   |- Guid:0F2274FB4CFFD5981DAFED945975310E BaseClass: NativeClass:/Script/Engine.PostProcessVolume Name:PostProcessVolume_0 Label:PostProcessVolume SpatiallyLoaded:0 Bounds:IsValid=true, Min=(X=0.000 Y=0.000 Z=400.000), Max=(X=200.000 Y=200.000 Z=600.000) RuntimeGrid:None EditorOnly:0 RuntimeOnly:0 HLODRelevant:0 FolderPath:Lighting FolderGuid:0BA5F0A04EADB18E70D5B180D08FA34B
 |   |   |- [+] [ 15]
 |   |   |   |- Guid:E540C16C4036F54D63D77E82B4A8265C BaseClass:/Game/FPSPuzzleSP/Blueprints/BP_Button.BP_Button_C NativeClass:/Script/Engine.Actor Name:BP_Button_C_UAID_088FC3435E6A876601_1314451656 Label:BP_Button10 SpatiallyLoaded:1 Bounds:IsValid=true, Min=(X=127.500 Y=814.500 Z=49.713), Max=(X=252.500 Y=939.500 Z=69.250) RuntimeGrid:None EditorOnly:0 RuntimeOnly:0 HLODRelevant:0 FolderPath:PianoEnigma FolderGuid:D2D2281F40A8B5E5388399B752818580
 |   |   |   |- Guid:180D9FC8491E9FC02509BABC6659B14C BaseClass:/Game/FPSPuzzleSP/Blueprints/BP_Cables.BP_Cables_C NativeClass:/Script/Engine.Actor Name:BP_Cables_C_UAID_088FC3435E6A876601_1314454657 Label:BP_Cables10 SpatiallyLoaded:1 Bounds:IsValid=true, Min=(X=190.000 Y=265.000 Z=-40.000), Max=(X=190.000 Y=815.000 Z=60.000) RuntimeGrid:None EditorOnly:0 RuntimeOnly:0 HLODRelevant:0 FolderPath:PianoEnigma FolderGuid:D2D2281F40A8B5E5388399B752818580
 |   |   |- [+] [ 16]
 |   |   |   |- Guid:27244BF74A599E72E4D50CB316317CB7 BaseClass: NativeClass:/Script/Engine.PlayerStart Name:PlayerStart_0 Label:PlayerStart SpatiallyLoaded:0 Bounds:IsValid=true, Min=(X=860.000 Y=1280.000 Z=0.013), Max=(X=940.000 Y=1360.000 Z=184.013) RuntimeGrid:None EditorOnly:0 RuntimeOnly:0 HLODRelevant:0
 |   |   |- [+] [ 17]
 |   |   |   |- Guid:6E46BD4E44CFD55A6D43FCB9373F5A0F BaseClass:/Game/FPSPuzzleSP/Blueprints/BP_Button.BP_Button_C NativeClass:/Script/Engine.Actor Name:BP_Button_C_UAID_088FC3435E6A876601_1296268644 Label:BP_Button4 SpatiallyLoaded:1 Bounds:IsValid=true, Min=(X=767.500 Y=814.500 Z=49.713), Max=(X=892.500 Y=939.500 Z=69.250) RuntimeGrid:None EditorOnly:0 RuntimeOnly:0 HLODRelevant:0 FolderPath:PianoEnigma FolderGuid:D2D2281F40A8B5E5388399B752818580
 |   |   |   |- Guid:B606BA8B4C0B42861ED9EA8DD4E4CE9E BaseClass:/Game/FPSPuzzleSP/Blueprints/BP_Cables.BP_Cables_C NativeClass:/Script/Engine.Actor Name:BP_Cables_C_UAID_088FC3435E6A876601_1296274645 Label:BP_Cables4 SpatiallyLoaded:1 Bounds:IsValid=true, Min=(X=830.000 Y=265.000 Z=-40.000), Max=(X=830.000 Y=815.000 Z=60.000) RuntimeGrid:None EditorOnly:0 RuntimeOnly:0 HLODRelevant:0 FolderPath:PianoEnigma FolderGuid:D2D2281F40A8B5E5388399B752818580
 |   |   |   |- Guid:0C4A9156495F01D6A64D649FA4F05C8A BaseClass:/Game/BP_StairDoor_Blueprint.BP_StairDoor_Blueprint_C NativeClass:/Script/Engine.Actor Name:BP_StairDoor_Blueprint_C_UAID_088FC3435E6A836701_2054427983 Label:BP_StairDoor_Blueprint SpatiallyLoaded:1 Bounds:IsValid=true, Min=(X=690.000 Y=-660.000 Z=58.000), Max=(X=1090.000 Y=-60.000 Z=78.000) RuntimeGrid:None EditorOnly:0 RuntimeOnly:0 HLODRelevant:0 FolderPath:PianoEnigma FolderGuid:D2D2281F40A8B5E5388399B752818580
 |   |   |- [+] [ 18]
 |   |   |   |- Guid:07B71E6A498DB3F7F14A308D732B5B9B BaseClass:/Game/FPSPuzzleSP/Blueprints/BP_Button.BP_Button_C NativeClass:/Script/Engine.Actor Name:BP_Button_C_UAID_088FC3435E6A876601_1301765652 Label:BP_Button8 SpatiallyLoaded:1 Bounds:IsValid=true, Min=(X=1387.500 Y=814.500 Z=49.713), Max=(X=1512.500 Y=939.500 Z=69.250) RuntimeGrid:None EditorOnly:0 RuntimeOnly:0 HLODRelevant:0 FolderPath:PianoEnigma FolderGuid:D2D2281F40A8B5E5388399B752818580
 |   |   |   |- Guid:11516D294A568321190487B818DBF9F5 BaseClass:/Game/FPSPuzzleSP/Blueprints/BP_Cables.BP_Cables_C NativeClass:/Script/Engine.Actor Name:BP_Cables_C_UAID_088FC3435E6A876601_1301773653 Label:BP_Cables8 SpatiallyLoaded:1 Bounds:IsValid=true, Min=(X=1450.000 Y=265.000 Z=-40.000), Max=(X=1450.000 Y=815.000 Z=60.000) RuntimeGrid:None EditorOnly:0 RuntimeOnly:0 HLODRelevant:0 FolderPath:PianoEnigma FolderGuid:D2D2281F40A8B5E5388399B752818580
 |   |   |- [+] [ 19]
 |   |   |   |- Guid:23CECFD9416045DDD77928997E79F9D4 BaseClass: NativeClass:/Script/Engine.WorldDataLayers Name:WorldDataLayers Label:WorldDataLayers SpatiallyLoaded:0 Bounds:IsValid=true, Min=(X=0.000 Y=0.000 Z=0.000), Max=(X=0.000 Y=0.000 Z=0.000) RuntimeGrid:None EditorOnly:0 RuntimeOnly:0 HLODRelevant:0
 |   |   |- [+] [ 20]
 |   |   |   |- Guid:6D0B11A3424F2B5C7C060B841DC88223 BaseClass:/Game/FPSPuzzleSP/Blueprints/BP_Button.BP_Button_C NativeClass:/Script/Engine.Actor Name:BP_Button_C_UAID_088FC3435E6A876601_1494875658 Label:BP_Button11 SpatiallyLoaded:1 Bounds:IsValid=true, Min=(X=125.000 Y=1745.000 Z=49.713), Max=(X=375.000 Y=1995.000 Z=69.250) RuntimeGrid:None EditorOnly:0 RuntimeOnly:0 HLODRelevant:0 FolderPath:DoorEnigma FolderGuid:CE9C6B0545ECA287382BD39C0401609A
 |   |   |   |- Guid:E961FA534E34CDFBA9CCD7BBAC46CC5E BaseClass:/Game/FPSPuzzleSP/Blueprints/BP_Door.BP_Door_C NativeClass:/Script/Engine.Actor Name:BP_Door_C_UAID_088FC3435E6A876601_1504363659 Label:BP_Door SpatiallyLoaded:1 Bounds:IsValid=true, Min=(X=1492.500 Y=1620.000 Z=50.000), Max=(X=1497.500 Y=2020.000 Z=450.000) RuntimeGrid:None EditorOnly:0 RuntimeOnly:0 HLODRelevant:0 FolderPath:DoorEnigma FolderGuid:CE9C6B0545ECA287382BD39C0401609A
 |   |   |- [+] [ 21]
 |   |   |   |- Guid:7529875E4BFB761FECF2AB83F99A6E15 BaseClass:/Game/FPSPuzzleSP/Blueprints/BP_Button.BP_Button_C NativeClass:/Script/Engine.Actor Name:BP_Button_C_UAID_088FC3435E6A876601_1296289648 Label:BP_Button6 SpatiallyLoaded:1 Bounds:IsValid=true, Min=(X=1077.500 Y=814.500 Z=49.713), Max=(X=1202.500 Y=939.500 Z=69.250) RuntimeGrid:None EditorOnly:0 RuntimeOnly:0 HLODRelevant:0 FolderPath:PianoEnigma FolderGuid:D2D2281F40A8B5E5388399B752818580
 |   |   |   |- Guid:5C52304F4E5C34747D720DA80D56420C BaseClass:/Game/FPSPuzzleSP/Blueprints/BP_Cables.BP_Cables_C NativeClass:/Script/Engine.Actor Name:BP_Cables_C_UAID_088FC3435E6A876601_1296294649 Label:BP_Cables6 SpatiallyLoaded:1 Bounds:IsValid=true, Min=(X=1140.000 Y=265.000 Z=-40.000), Max=(X=1140.000 Y=815.000 Z=60.000) RuntimeGrid:None EditorOnly:0 RuntimeOnly:0 HLODRelevant:0 FolderPath:PianoEnigma FolderGuid:D2D2281F40A8B5E5388399B752818580
 |   |   |- [+] [ 22]
 |   |   |   |- Guid:837EEAC64984014C06D5EE9BE31BBE94 BaseClass:/Game/FPSPuzzleSP/Blueprints/BP_Button.BP_Button_C NativeClass:/Script/Engine.Actor Name:BP_Button_C_UAID_088FC3435E6A876601_1301778654 Label:BP_Button9 SpatiallyLoaded:1 Bounds:IsValid=true, Min=(X=1537.500 Y=814.500 Z=49.713), Max=(X=1662.500 Y=939.500 Z=69.250) RuntimeGrid:None EditorOnly:0 RuntimeOnly:0 HLODRelevant:0 FolderPath:PianoEnigma FolderGuid:D2D2281F40A8B5E5388399B752818580
 |   |   |   |- Guid:B5C0C3A141E6E3126FC8A5B169BB7BA5 BaseClass:/Game/FPSPuzzleSP/Blueprints/BP_Cables.BP_Cables_C NativeClass:/Script/Engine.Actor Name:BP_Cables_C_UAID_088FC3435E6A876601_1301782655 Label:BP_Cables9 SpatiallyLoaded:1 Bounds:IsValid=true, Min=(X=1600.000 Y=265.000 Z=-40.000), Max=(X=1600.000 Y=815.000 Z=60.000) RuntimeGrid:None EditorOnly:0 RuntimeOnly:0 HLODRelevant:0 FolderPath:PianoEnigma FolderGuid:D2D2281F40A8B5E5388399B752818580
 |- ContainerInstances:
 |- [+] MainContainer:
 |   |-        ID: 0x0000000000000000
 |   |-    Bounds: IsValid=false, Min=(X=0.000 Y=0.000 Z=0.000), Max=(X=0.000 Y=0.000 Z=0.000)
 |   |- Transform: 0.000000,0.000000,0.000000|0.000000,0.000000,-0.000000|1.000000,1.000000,1.000000
 |   |- Container: /Game/Maps/PianoTest
----------------------------------------------------------------------------------------------------------------
PianoTest - Persistent Level
----------------------------------------------------------------------------------------------------------------
Always loaded Actor Count: 43 

----------------------------------------------------------------------------------------------------------------
PianoTest - Runtime Spatial Hash - Streaming Grid - MainGrid
----------------------------------------------------------------------------------------------------------------
            Origin: X=0.000 Y=0.000 Z=0.000
         Cell Size: 12800
      World Bounds: IsValid=false, Min=(X=0.000 Y=0.000 Z=0.000), Max=(X=0.000 Y=0.000 Z=0.000)
     Loading Range: 25600.00
Block Slow Loading: No
 ClientOnlyVisible: No

[+] Grid Levels: 1
 |- Level  0: Cell Count    0 | Cell Size   12800 | Actor Count    0 (0.0%)

[+] Content of Grid Level 0

