[+] Containers:
 |- [+] Container: /Game/Maps/PianoTest
 |   |- [+] ActorDescs:
 |   |   |- Guid:0F2274FB4CFFD5981DAFED945975310E BaseClass: NativeClass:/Script/Engine.PostProcessVolume Name:PostProcessVolume_0 Label:PostProcessVolume SpatiallyLoaded:0 Bounds:IsValid=true, Min=(X=0.000 Y=0.000 Z=400.000), Max=(X=200.000 Y=200.000 Z=600.000) RuntimeGrid:None EditorOnly:0 RuntimeOnly:0 HLODRelevant:0 FolderPath:Lighting FolderGuid:0BA5F0A04EADB18E70D5B180D08FA34B
 |   |   |- Guid:10DE948B4BECBD59BA368F97DC364834 BaseClass:/Game/FPSPuzzleSP/Blueprints/BP_Button.BP_Button_C NativeClass:/Script/Engine.Actor Name:BP_Button_C_UAID_088FC3435E6A866601_1642136458 Label:BP_Button2 SpatiallyLoaded:1 Bounds:IsValid=true, Min=(X=575.000 Y=-55.000 Z=49.713), Max=(X=825.000 Y=195.000 Z=69.250) RuntimeGrid:None EditorOnly:0 RuntimeOnly:0 HLODRelevant:0
 |   |   |- Guid:2069E56C4D5B118572FD98B52142E696 BaseClass: NativeClass:/Script/Engine.ExponentialHeightFog Name:ExponentialHeightFog_0 Label:ExponentialHeightFog SpatiallyLoaded:0 Bounds:IsValid=true, Min=(X=-5600.000 Y=-50.000 Z=-6850.000), Max=(X=-5600.000 Y=-50.000 Z=-6850.000) RuntimeGrid:None EditorOnly:0 RuntimeOnly:0 HLODRelevant:0 FolderPath:Lighting FolderGuid:0BA5F0A04EADB18E70D5B180D08FA34B
 |   |   |- Guid:20AE25A74148F856C3AEDA9F03168C65 BaseClass:/Game/FPSPuzzleSP/Blueprints/BP_Button.BP_Button_C NativeClass:/Script/Engine.Actor Name:BP_Button_C_UAID_088FC3435E6A866601_1637474457 Label:BP_Button SpatiallyLoaded:1 Bounds:IsValid=true, Min=(X=307.500 Y=-42.500 Z=49.713), Max=(X=432.500 Y=82.500 Z=69.250) RuntimeGrid:None EditorOnly:0 RuntimeOnly:0 HLODRelevant:0
 |   |   |- Guid:23CECFD9416045DDD77928997E79F9D4 BaseClass: NativeClass:/Script/Engine.WorldDataLayers Name:WorldDataLayers Label:WorldDataLayers SpatiallyLoaded:0 Bounds:IsValid=true, Min=(X=0.000 Y=0.000 Z=0.000), Max=(X=0.000 Y=0.000 Z=0.000) RuntimeGrid:None EditorOnly:0 RuntimeOnly:0 HLODRelevant:0
 |   |   |- Guid:27244BF74A599E72E4D50CB316317CB7 BaseClass: NativeClass:/Script/Engine.PlayerStart Name:PlayerStart_0 Label:PlayerStart SpatiallyLoaded:0 Bounds:IsValid=true, Min=(X=860.000 Y=810.000 Z=0.013), Max=(X=940.000 Y=890.000 Z=184.013) RuntimeGrid:None EditorOnly:0 RuntimeOnly:0 HLODRelevant:0
 |   |   |- Guid:6193193546831E0AFF4A1B9599C30CB9 BaseClass: NativeClass:/Script/Engine.SkyAtmosphere Name:SkyAtmosphere_0 Label:SkyAtmosphere SpatiallyLoaded:0 Bounds:IsValid=true, Min=(X=0.000 Y=0.000 Z=1020.000), Max=(X=0.000 Y=0.000 Z=1020.000) RuntimeGrid:None EditorOnly:0 RuntimeOnly:0 HLODRelevant:0 FolderPath:Lighting FolderGuid:0BA5F0A04EADB18E70D5B180D08FA34B
 |   |   |- Guid:641827584F35169F5BBC92B82549E8E4 BaseClass:/Game/FPSPuzzleSP/Blueprints/BP_Button.BP_Button_C NativeClass:/Script/Engine.Actor Name:BP_Button_C_UAID_088FC3435E6A866601_1644304459 Label:BP_Button3 SpatiallyLoaded:1 Bounds:IsValid=true, Min=(X=865.000 Y=-55.000 Z=49.713), Max=(X=1115.000 Y=195.000 Z=69.250) RuntimeGrid:None EditorOnly:0 RuntimeOnly:0 HLODRelevant:0
 |   |   |- Guid:6957E36441C65D218794D79D027674A8 BaseClass:/Game/FPSPuzzleSP/Blueprints/BP_Button.BP_Button_C NativeClass:/Script/Engine.Actor Name:BP_Button_C_UAID_088FC3435E6A866601_1654057462 Label:BP_Button6 SpatiallyLoaded:1 Bounds:IsValid=true, Min=(X=1825.000 Y=-55.000 Z=49.713), Max=(X=2075.000 Y=195.000 Z=69.250) RuntimeGrid:None EditorOnly:0 RuntimeOnly:0 HLODRelevant:0
 |   |   |- Guid:82BB4C6046778D11F9700C80D55C0D2A BaseClass:/Game/FPSPuzzleSP/Blueprints/BP_Button.BP_Button_C NativeClass:/Script/Engine.Actor Name:BP_Button_C_UAID_088FC3435E6A866601_1648664460 Label:BP_Button4 SpatiallyLoaded:1 Bounds:IsValid=true, Min=(X=1165.000 Y=-55.000 Z=49.713), Max=(X=1415.000 Y=195.000 Z=69.250) RuntimeGrid:None EditorOnly:0 RuntimeOnly:0 HLODRelevant:0
 |   |   |- Guid:9BFEF08F4695A653854DC285126A491E BaseClass:/Game/FPSPuzzleSP/Blueprints/BP_Button.BP_Button_C NativeClass:/Script/Engine.Actor Name:BP_Button_C_UAID_088FC3435E6A866601_1651741461 Label:BP_Button5 SpatiallyLoaded:1 Bounds:IsValid=true, Min=(X=1495.000 Y=-55.000 Z=49.713), Max=(X=1745.000 Y=195.000 Z=69.250) RuntimeGrid:None EditorOnly:0 RuntimeOnly:0 HLODRelevant:0
 |   |   |- Guid:A76CBAE94A2017DB19FEE7BBB7AD5731 BaseClass: NativeClass:/Script/Engine.TextRenderActor Name:TextRenderActor_1 Label:TextRenderActor SpatiallyLoaded:1 Bounds:IsValid=true, Min=(X=-0.100 Y=1100.000 Z=65.013), Max=(X=-0.100 Y=2363.461 Z=215.013) RuntimeGrid:None EditorOnly:0 RuntimeOnly:0 HLODRelevant:0
 |   |   |- Guid:A7A790C44112DD24ACBA56B3D1904DEA BaseClass: NativeClass:/Script/Engine.DirectionalLight Name:DirectionalLight_1 Label:DirectionalLight SpatiallyLoaded:0 Bounds:IsValid=true, Min=(X=-4398046511104.000 Y=-4398046511104.000 Z=-4398046511104.000), Max=(X=4398046511104.000 Y=4398046511104.000 Z=4398046511104.000) RuntimeGrid:None EditorOnly:0 RuntimeOnly:0 HLODRelevant:0 FolderPath:Lighting FolderGuid:0BA5F0A04EADB18E70D5B180D08FA34B
 |   |   |- Guid:A98FB34449741D62A382498DCB97C7A0 BaseClass: NativeClass:/Script/Engine.StaticMeshActor Name:StaticMeshActor_UAID_088FC3435E6A836601_1995890927 Label:Cube SpatiallyLoaded:1 Bounds:IsValid=true, Min=(X=-430.000 Y=-700.000 Z=27.500), Max=(X=2570.000 Y=2300.000 Z=52.500) RuntimeGrid:None EditorOnly:0 RuntimeOnly:0 HLODRelevant:1
 |   |   |- Guid:B1B23098467152CD1C32E4BED7C1B2FA BaseClass: NativeClass:/Script/Engine.SkyLight Name:SkyLight_0 Label:SkyLight SpatiallyLoaded:0 Bounds:IsValid=true, Min=(X=0.000 Y=0.000 Z=690.000), Max=(X=0.000 Y=0.000 Z=690.000) RuntimeGrid:None EditorOnly:0 RuntimeOnly:0 HLODRelevant:0 FolderPath:Lighting FolderGuid:0BA5F0A04EADB18E70D5B180D08FA34B
 |   |   |- Guid:DA911D544B619967AB2F1496DF7917EE BaseClass: NativeClass:/Script/Engine.VolumetricCloud Name:VolumetricCloud_0 Label:VolumetricCloud SpatiallyLoaded:0 Bounds:IsValid=true, Min=(X=0.000 Y=0.000 Z=820.000), Max=(X=0.000 Y=0.000 Z=820.000) RuntimeGrid:None EditorOnly:0 RuntimeOnly:0 HLODRelevant:0 FolderPath:Lighting FolderGuid:0BA5F0A04EADB18E70D5B180D08FA34B
 |   |   |- Guid:DFAC11EB4B303EF6ECAB0896DE058BBD BaseClass:/Game/FPSPuzzleSP/Blueprints/BP_Cables.BP_Cables_C NativeClass:/Script/Engine.Actor Name:BP_Cables_C_UAID_088FC3435E6A866601_1922142463 Label:BP_Cables SpatiallyLoaded:1 Bounds:IsValid=true, Min=(X=370.000 Y=-605.000 Z=-40.000), Max=(X=370.000 Y=-55.000 Z=60.000) RuntimeGrid:None EditorOnly:0 RuntimeOnly:0 HLODRelevant:0
 |   |   |- Guid:EA91071C4413C319AA210FBF233C09BB BaseClass: NativeClass:/Script/Engine.StaticMeshActor Name:StaticMeshActor_UAID_A4AE111137DC5EFB00_2001720423 Label:SM_SkySphere SpatiallyLoaded:0 Bounds:IsValid=true, Min=(X=-1638400.000 Y=-1638400.000 Z=-1638400.000), Max=(X=1638400.000 Y=1638400.000 Z=1638400.000) RuntimeGrid:None EditorOnly:0 RuntimeOnly:0 HLODRelevant:1 FolderPath:Lighting FolderGuid:0BA5F0A04EADB18E70D5B180D08FA34B
 |   |- [+] Clusters:
 |   |   |- [+] [  0]
 |   |   |   |- Guid:A76CBAE94A2017DB19FEE7BBB7AD5731 BaseClass: NativeClass:/Script/Engine.TextRenderActor Name:TextRenderActor_1 Label:TextRenderActor SpatiallyLoaded:1 Bounds:IsValid=true, Min=(X=-0.100 Y=1100.000 Z=65.013), Max=(X=-0.100 Y=2363.461 Z=215.013) RuntimeGrid:None EditorOnly:0 RuntimeOnly:0 HLODRelevant:0
 |   |   |- [+] [  1]
 |   |   |   |- Guid:2069E56C4D5B118572FD98B52142E696 BaseClass: NativeClass:/Script/Engine.ExponentialHeightFog Name:ExponentialHeightFog_0 Label:ExponentialHeightFog SpatiallyLoaded:0 Bounds:IsValid=true, Min=(X=-5600.000 Y=-50.000 Z=-6850.000), Max=(X=-5600.000 Y=-50.000 Z=-6850.000) RuntimeGrid:None EditorOnly:0 RuntimeOnly:0 HLODRelevant:0 FolderPath:Lighting FolderGuid:0BA5F0A04EADB18E70D5B180D08FA34B
 |   |   |- [+] [  2]
 |   |   |   |- Guid:DA911D544B619967AB2F1496DF7917EE BaseClass: NativeClass:/Script/Engine.VolumetricCloud Name:VolumetricCloud_0 Label:VolumetricCloud SpatiallyLoaded:0 Bounds:IsValid=true, Min=(X=0.000 Y=0.000 Z=820.000), Max=(X=0.000 Y=0.000 Z=820.000) RuntimeGrid:None EditorOnly:0 RuntimeOnly:0 HLODRelevant:0 FolderPath:Lighting FolderGuid:0BA5F0A04EADB18E70D5B180D08FA34B
 |   |   |- [+] [  3]
 |   |   |   |- Guid:A7A790C44112DD24ACBA56B3D1904DEA BaseClass: NativeClass:/Script/Engine.DirectionalLight Name:DirectionalLight_1 Label:DirectionalLight SpatiallyLoaded:0 Bounds:IsValid=true, Min=(X=-4398046511104.000 Y=-4398046511104.000 Z=-4398046511104.000), Max=(X=4398046511104.000 Y=4398046511104.000 Z=4398046511104.000) RuntimeGrid:None EditorOnly:0 RuntimeOnly:0 HLODRelevant:0 FolderPath:Lighting FolderGuid:0BA5F0A04EADB18E70D5B180D08FA34B
 |   |   |- [+] [  4]
 |   |   |   |- Guid:EA91071C4413C319AA210FBF233C09BB BaseClass: NativeClass:/Script/Engine.StaticMeshActor Name:StaticMeshActor_UAID_A4AE111137DC5EFB00_2001720423 Label:SM_SkySphere SpatiallyLoaded:0 Bounds:IsValid=true, Min=(X=-1638400.000 Y=-1638400.000 Z=-1638400.000), Max=(X=1638400.000 Y=1638400.000 Z=1638400.000) RuntimeGrid:None EditorOnly:0 RuntimeOnly:0 HLODRelevant:1 FolderPath:Lighting FolderGuid:0BA5F0A04EADB18E70D5B180D08FA34B
 |   |   |- [+] [  5]
 |   |   |   |- Guid:0F2274FB4CFFD5981DAFED945975310E BaseClass: NativeClass:/Script/Engine.PostProcessVolume Name:PostProcessVolume_0 Label:PostProcessVolume SpatiallyLoaded:0 Bounds:IsValid=true, Min=(X=0.000 Y=0.000 Z=400.000), Max=(X=200.000 Y=200.000 Z=600.000) RuntimeGrid:None EditorOnly:0 RuntimeOnly:0 HLODRelevant:0 FolderPath:Lighting FolderGuid:0BA5F0A04EADB18E70D5B180D08FA34B
 |   |   |- [+] [  6]
 |   |   |   |- Guid:A98FB34449741D62A382498DCB97C7A0 BaseClass: NativeClass:/Script/Engine.StaticMeshActor Name:StaticMeshActor_UAID_088FC3435E6A836601_1995890927 Label:Cube SpatiallyLoaded:1 Bounds:IsValid=true, Min=(X=-430.000 Y=-700.000 Z=27.500), Max=(X=2570.000 Y=2300.000 Z=52.500) RuntimeGrid:None EditorOnly:0 RuntimeOnly:0 HLODRelevant:1
 |   |   |- [+] [  7]
 |   |   |   |- Guid:27244BF74A599E72E4D50CB316317CB7 BaseClass: NativeClass:/Script/Engine.PlayerStart Name:PlayerStart_0 Label:PlayerStart SpatiallyLoaded:0 Bounds:IsValid=true, Min=(X=860.000 Y=810.000 Z=0.013), Max=(X=940.000 Y=890.000 Z=184.013) RuntimeGrid:None EditorOnly:0 RuntimeOnly:0 HLODRelevant:0
 |   |   |- [+] [  8]
 |   |   |   |- Guid:23CECFD9416045DDD77928997E79F9D4 BaseClass: NativeClass:/Script/Engine.WorldDataLayers Name:WorldDataLayers Label:WorldDataLayers SpatiallyLoaded:0 Bounds:IsValid=true, Min=(X=0.000 Y=0.000 Z=0.000), Max=(X=0.000 Y=0.000 Z=0.000) RuntimeGrid:None EditorOnly:0 RuntimeOnly:0 HLODRelevant:0
 |   |   |- [+] [  9]
 |   |   |   |- Guid:6193193546831E0AFF4A1B9599C30CB9 BaseClass: NativeClass:/Script/Engine.SkyAtmosphere Name:SkyAtmosphere_0 Label:SkyAtmosphere SpatiallyLoaded:0 Bounds:IsValid=true, Min=(X=0.000 Y=0.000 Z=1020.000), Max=(X=0.000 Y=0.000 Z=1020.000) RuntimeGrid:None EditorOnly:0 RuntimeOnly:0 HLODRelevant:0 FolderPath:Lighting FolderGuid:0BA5F0A04EADB18E70D5B180D08FA34B
 |   |   |- [+] [ 10]
 |   |   |   |- Guid:B1B23098467152CD1C32E4BED7C1B2FA BaseClass: NativeClass:/Script/Engine.SkyLight Name:SkyLight_0 Label:SkyLight SpatiallyLoaded:0 Bounds:IsValid=true, Min=(X=0.000 Y=0.000 Z=690.000), Max=(X=0.000 Y=0.000 Z=690.000) RuntimeGrid:None EditorOnly:0 RuntimeOnly:0 HLODRelevant:0 FolderPath:Lighting FolderGuid:0BA5F0A04EADB18E70D5B180D08FA34B
 |   |   |- [+] [ 11]
 |   |   |   |- Guid:20AE25A74148F856C3AEDA9F03168C65 BaseClass:/Game/FPSPuzzleSP/Blueprints/BP_Button.BP_Button_C NativeClass:/Script/Engine.Actor Name:BP_Button_C_UAID_088FC3435E6A866601_1637474457 Label:BP_Button SpatiallyLoaded:1 Bounds:IsValid=true, Min=(X=307.500 Y=-42.500 Z=49.713), Max=(X=432.500 Y=82.500 Z=69.250) RuntimeGrid:None EditorOnly:0 RuntimeOnly:0 HLODRelevant:0
 |   |   |   |- Guid:DFAC11EB4B303EF6ECAB0896DE058BBD BaseClass:/Game/FPSPuzzleSP/Blueprints/BP_Cables.BP_Cables_C NativeClass:/Script/Engine.Actor Name:BP_Cables_C_UAID_088FC3435E6A866601_1922142463 Label:BP_Cables SpatiallyLoaded:1 Bounds:IsValid=true, Min=(X=370.000 Y=-605.000 Z=-40.000), Max=(X=370.000 Y=-55.000 Z=60.000) RuntimeGrid:None EditorOnly:0 RuntimeOnly:0 HLODRelevant:0
 |   |   |- [+] [ 12]
 |   |   |   |- Guid:10DE948B4BECBD59BA368F97DC364834 BaseClass:/Game/FPSPuzzleSP/Blueprints/BP_Button.BP_Button_C NativeClass:/Script/Engine.Actor Name:BP_Button_C_UAID_088FC3435E6A866601_1642136458 Label:BP_Button2 SpatiallyLoaded:1 Bounds:IsValid=true, Min=(X=575.000 Y=-55.000 Z=49.713), Max=(X=825.000 Y=195.000 Z=69.250) RuntimeGrid:None EditorOnly:0 RuntimeOnly:0 HLODRelevant:0
 |   |   |- [+] [ 13]
 |   |   |   |- Guid:641827584F35169F5BBC92B82549E8E4 BaseClass:/Game/FPSPuzzleSP/Blueprints/BP_Button.BP_Button_C NativeClass:/Script/Engine.Actor Name:BP_Button_C_UAID_088FC3435E6A866601_1644304459 Label:BP_Button3 SpatiallyLoaded:1 Bounds:IsValid=true, Min=(X=865.000 Y=-55.000 Z=49.713), Max=(X=1115.000 Y=195.000 Z=69.250) RuntimeGrid:None EditorOnly:0 RuntimeOnly:0 HLODRelevant:0
 |   |   |- [+] [ 14]
 |   |   |   |- Guid:82BB4C6046778D11F9700C80D55C0D2A BaseClass:/Game/FPSPuzzleSP/Blueprints/BP_Button.BP_Button_C NativeClass:/Script/Engine.Actor Name:BP_Button_C_UAID_088FC3435E6A866601_1648664460 Label:BP_Button4 SpatiallyLoaded:1 Bounds:IsValid=true, Min=(X=1165.000 Y=-55.000 Z=49.713), Max=(X=1415.000 Y=195.000 Z=69.250) RuntimeGrid:None EditorOnly:0 RuntimeOnly:0 HLODRelevant:0
 |   |   |- [+] [ 15]
 |   |   |   |- Guid:9BFEF08F4695A653854DC285126A491E BaseClass:/Game/FPSPuzzleSP/Blueprints/BP_Button.BP_Button_C NativeClass:/Script/Engine.Actor Name:BP_Button_C_UAID_088FC3435E6A866601_1651741461 Label:BP_Button5 SpatiallyLoaded:1 Bounds:IsValid=true, Min=(X=1495.000 Y=-55.000 Z=49.713), Max=(X=1745.000 Y=195.000 Z=69.250) RuntimeGrid:None EditorOnly:0 RuntimeOnly:0 HLODRelevant:0
 |   |   |- [+] [ 16]
 |   |   |   |- Guid:6957E36441C65D218794D79D027674A8 BaseClass:/Game/FPSPuzzleSP/Blueprints/BP_Button.BP_Button_C NativeClass:/Script/Engine.Actor Name:BP_Button_C_UAID_088FC3435E6A866601_1654057462 Label:BP_Button6 SpatiallyLoaded:1 Bounds:IsValid=true, Min=(X=1825.000 Y=-55.000 Z=49.713), Max=(X=2075.000 Y=195.000 Z=69.250) RuntimeGrid:None EditorOnly:0 RuntimeOnly:0 HLODRelevant:0
 |- ContainerInstances:
 |- [+] MainContainer:
 |   |-        ID: 0x0000000000000000
 |   |-    Bounds: IsValid=false, Min=(X=0.000 Y=0.000 Z=0.000), Max=(X=0.000 Y=0.000 Z=0.000)
 |   |- Transform: 0.000000,0.000000,0.000000|0.000000,0.000000,-0.000000|1.000000,1.000000,1.000000
 |   |- Container: /Game/Maps/PianoTest
----------------------------------------------------------------------------------------------------------------
PianoTest - Persistent Level
----------------------------------------------------------------------------------------------------------------
Always loaded Actor Count: 25 

----------------------------------------------------------------------------------------------------------------
PianoTest - Runtime Spatial Hash - Streaming Grid - MainGrid
----------------------------------------------------------------------------------------------------------------
            Origin: X=0.000 Y=0.000 Z=0.000
         Cell Size: 12800
      World Bounds: IsValid=false, Min=(X=0.000 Y=0.000 Z=0.000), Max=(X=0.000 Y=0.000 Z=0.000)
     Loading Range: 25600.00
Block Slow Loading: No
 ClientOnlyVisible: No

[+] Grid Levels: 1
 |- Level  0: Cell Count    0 | Cell Size   12800 | Actor Count    0 (0.0%)

[+] Content of Grid Level 0

