[+] Containers:
 |- [+] Container: /Game/Maps/PianoTest
 |   |- [+] ActorDescs:
 |   |   |- Guid:0C4A9156495F01D6A64D649FA4F05C8A BaseClass:/Game/BP_StairDoor_Piano.BP_StairDoor_Piano_C NativeClass:/Script/Engine.Actor Name:BP_StairDoor_Blueprint_C_UAID_088FC3435E6A836701_2054427983 Label:BP_StairDoor_Blueprint SpatiallyLoaded:1 Bounds:IsValid=true, Min=(X=690.000 Y=-660.000 Z=58.000), Max=(X=1090.000 Y=-60.000 Z=78.000) RuntimeGrid:None EditorOnly:0 RuntimeOnly:0 HLODRelevant:0 FolderPath:PianoEnigma FolderGuid:D2D2281F40A8B5E5388399B752818580
 |   |   |- Guid:0D8DB8324C4FA175A5DC9C886AC9A6CB BaseClass:/Game/BP_Button_Piano.BP_Button_Piano_C NativeClass:/Script/Engine.Actor Name:BP_Button_Piano_C_UAID_088FC3435E6A846701_1998400164 Label:BP_Button_Piano3 SpatiallyLoaded:1 Bounds:IsValid=true, Min=(X=597.500 Y=814.500 Z=49.713), Max=(X=722.500 Y=939.500 Z=69.250) RuntimeGrid:None EditorOnly:0 RuntimeOnly:0 HLODRelevant:0 FolderPath:PianoEnigma FolderGuid:D2D2281F40A8B5E5388399B752818580
 |   |   |- Guid:0F2274FB4CFFD5981DAFED945975310E BaseClass: NativeClass:/Script/Engine.PostProcessVolume Name:PostProcessVolume_0 Label:PostProcessVolume SpatiallyLoaded:0 Bounds:IsValid=true, Min=(X=0.000 Y=0.000 Z=400.000), Max=(X=200.000 Y=200.000 Z=600.000) RuntimeGrid:None EditorOnly:0 RuntimeOnly:0 HLODRelevant:0 FolderPath:Lighting FolderGuid:0BA5F0A04EADB18E70D5B180D08FA34B
 |   |   |- Guid:2069E56C4D5B118572FD98B52142E696 BaseClass: NativeClass:/Script/Engine.ExponentialHeightFog Name:ExponentialHeightFog_0 Label:ExponentialHeightFog SpatiallyLoaded:0 Bounds:IsValid=true, Min=(X=-5600.000 Y=-50.000 Z=-6850.000), Max=(X=-5600.000 Y=-50.000 Z=-6850.000) RuntimeGrid:None EditorOnly:0 RuntimeOnly:0 HLODRelevant:0 FolderPath:Lighting FolderGuid:0BA5F0A04EADB18E70D5B180D08FA34B
 |   |   |- Guid:23CECFD9416045DDD77928997E79F9D4 BaseClass: NativeClass:/Script/Engine.WorldDataLayers Name:WorldDataLayers Label:WorldDataLayers SpatiallyLoaded:0 Bounds:IsValid=true, Min=(X=0.000 Y=0.000 Z=0.000), Max=(X=0.000 Y=0.000 Z=0.000) RuntimeGrid:None EditorOnly:0 RuntimeOnly:0 HLODRelevant:0
 |   |   |- Guid:27244BF74A599E72E4D50CB316317CB7 BaseClass: NativeClass:/Script/Engine.PlayerStart Name:PlayerStart_0 Label:PlayerStart SpatiallyLoaded:0 Bounds:IsValid=true, Min=(X=860.000 Y=1280.000 Z=0.013), Max=(X=940.000 Y=1360.000 Z=184.013) RuntimeGrid:None EditorOnly:0 RuntimeOnly:0 HLODRelevant:0
 |   |   |- Guid:3970EE3E449C00AE9E0EB0A2D014F654 BaseClass:/Game/FPSPuzzleSP/Blueprints/BP_PhysicObjectBase.BP_PhysicObjectBase_C NativeClass:/Script/Engine.Actor Name:BP_PhysicObjectBase_C_UAID_088FC3435E6A876601_2041180660 Label:BP_PhysicObjectBase SpatiallyLoaded:1 Bounds:IsValid=true, Min=(X=220.000 Y=1370.000 Z=120.000), Max=(X=300.000 Y=1450.000 Z=200.000) RuntimeGrid:None EditorOnly:0 RuntimeOnly:0 HLODRelevant:0
 |   |   |- Guid:47F074544B8633A65537D8A3979CE3A5 BaseClass:/Game/BP_Button_Piano.BP_Button_Piano_C NativeClass:/Script/Engine.Actor Name:BP_Button_Piano_C_UAID_088FC3435E6A846701_1919146160 Label:BP_Button_Piano SpatiallyLoaded:1 Bounds:IsValid=true, Min=(X=757.500 Y=814.500 Z=49.713), Max=(X=882.500 Y=939.500 Z=69.250) RuntimeGrid:None EditorOnly:0 RuntimeOnly:0 HLODRelevant:0 FolderPath:PianoEnigma FolderGuid:D2D2281F40A8B5E5388399B752818580
 |   |   |- Guid:4AE938C64C8C5DCF87FD8C861B7F13AC BaseClass:/Game/BP_Button_Piano.BP_Button_Piano_C NativeClass:/Script/Engine.Actor Name:BP_Button_Piano_C_UAID_088FC3435E6A846701_2000752166 Label:BP_Button_Piano4 SpatiallyLoaded:1 Bounds:IsValid=true, Min=(X=1107.500 Y=814.500 Z=49.713), Max=(X=1232.500 Y=939.500 Z=69.250) RuntimeGrid:None EditorOnly:0 RuntimeOnly:0 HLODRelevant:0 FolderPath:PianoEnigma FolderGuid:D2D2281F40A8B5E5388399B752818580
 |   |   |- Guid:6193193546831E0AFF4A1B9599C30CB9 BaseClass: NativeClass:/Script/Engine.SkyAtmosphere Name:SkyAtmosphere_0 Label:SkyAtmosphere SpatiallyLoaded:0 Bounds:IsValid=true, Min=(X=0.000 Y=0.000 Z=1020.000), Max=(X=0.000 Y=0.000 Z=1020.000) RuntimeGrid:None EditorOnly:0 RuntimeOnly:0 HLODRelevant:0 FolderPath:Lighting FolderGuid:0BA5F0A04EADB18E70D5B180D08FA34B
 |   |   |- Guid:6CFD0AD54E1F020C3B8294AD72BBDDD6 BaseClass:/Game/FPSPuzzleSP/Blueprints/BP_Cables.BP_Cables_C NativeClass:/Script/Engine.Actor Name:BP_Cables_C_UAID_088FC3435E6A846701_1994722161 Label:BP_Cables5 SpatiallyLoaded:1 Bounds:IsValid=true, Min=(X=990.000 Y=265.000 Z=-40.000), Max=(X=990.000 Y=815.000 Z=60.000) RuntimeGrid:None EditorOnly:0 RuntimeOnly:0 HLODRelevant:0 FolderPath:PianoEnigma FolderGuid:D2D2281F40A8B5E5388399B752818580
 |   |   |- Guid:6D0B11A3424F2B5C7C060B841DC88223 BaseClass:/Game/FPSPuzzleSP/Blueprints/BP_Button.BP_Button_C NativeClass:/Script/Engine.Actor Name:BP_Button_C_UAID_088FC3435E6A876601_1494875658 Label:BP_Button11 SpatiallyLoaded:1 Bounds:IsValid=true, Min=(X=125.000 Y=1745.000 Z=49.713), Max=(X=375.000 Y=1995.000 Z=69.250) RuntimeGrid:None EditorOnly:0 RuntimeOnly:0 HLODRelevant:0 FolderPath:DoorEnigma FolderGuid:CE9C6B0545ECA287382BD39C0401609A
 |   |   |- Guid:8AC55F8A49228A406ED5F4BD1DEEFBEB BaseClass:/Game/FPSPuzzleSP/Blueprints/BP_Cables.BP_Cables_C NativeClass:/Script/Engine.Actor Name:BP_Cables_C_UAID_088FC3435E6A846701_2000749165 Label:BP_Cables7 SpatiallyLoaded:1 Bounds:IsValid=true, Min=(X=1170.000 Y=265.000 Z=-40.000), Max=(X=1170.000 Y=815.000 Z=60.000) RuntimeGrid:None EditorOnly:0 RuntimeOnly:0 HLODRelevant:0 FolderPath:PianoEnigma FolderGuid:D2D2281F40A8B5E5388399B752818580
 |   |   |- Guid:A76CBAE94A2017DB19FEE7BBB7AD5731 BaseClass: NativeClass:/Script/Engine.TextRenderActor Name:TextRenderActor_1 Label:TextRenderActor SpatiallyLoaded:1 Bounds:IsValid=true, Min=(X=-0.100 Y=1100.000 Z=65.013), Max=(X=-0.100 Y=2363.461 Z=215.013) RuntimeGrid:None EditorOnly:0 RuntimeOnly:0 HLODRelevant:0
 |   |   |- Guid:A7A790C44112DD24ACBA56B3D1904DEA BaseClass: NativeClass:/Script/Engine.DirectionalLight Name:DirectionalLight_1 Label:DirectionalLight SpatiallyLoaded:0 Bounds:IsValid=true, Min=(X=-4398046511104.000 Y=-4398046511104.000 Z=-4398046511104.000), Max=(X=4398046511104.000 Y=4398046511104.000 Z=4398046511104.000) RuntimeGrid:None EditorOnly:0 RuntimeOnly:0 HLODRelevant:0 FolderPath:Lighting FolderGuid:0BA5F0A04EADB18E70D5B180D08FA34B
 |   |   |- Guid:A98FB34449741D62A382498DCB97C7A0 BaseClass: NativeClass:/Script/Engine.StaticMeshActor Name:StaticMeshActor_UAID_088FC3435E6A836601_1995890927 Label:Cube SpatiallyLoaded:1 Bounds:IsValid=true, Min=(X=-430.000 Y=-700.000 Z=27.500), Max=(X=2570.000 Y=2300.000 Z=52.500) RuntimeGrid:None EditorOnly:0 RuntimeOnly:0 HLODRelevant:1
 |   |   |- Guid:B1B23098467152CD1C32E4BED7C1B2FA BaseClass: NativeClass:/Script/Engine.SkyLight Name:SkyLight_0 Label:SkyLight SpatiallyLoaded:0 Bounds:IsValid=true, Min=(X=0.000 Y=0.000 Z=690.000), Max=(X=0.000 Y=0.000 Z=690.000) RuntimeGrid:None EditorOnly:0 RuntimeOnly:0 HLODRelevant:0 FolderPath:Lighting FolderGuid:0BA5F0A04EADB18E70D5B180D08FA34B
 |   |   |- Guid:B606BA8B4C0B42861ED9EA8DD4E4CE9E BaseClass:/Game/FPSPuzzleSP/Blueprints/BP_Cables.BP_Cables_C NativeClass:/Script/Engine.Actor Name:BP_Cables_C_UAID_088FC3435E6A876601_1296274645 Label:BP_Cables4 SpatiallyLoaded:1 Bounds:IsValid=true, Min=(X=820.000 Y=265.000 Z=-40.000), Max=(X=820.000 Y=815.000 Z=60.000) RuntimeGrid:None EditorOnly:0 RuntimeOnly:0 HLODRelevant:0 FolderPath:PianoEnigma FolderGuid:D2D2281F40A8B5E5388399B752818580
 |   |   |- Guid:CEE220BD4F2C356206F0AE98B18F9A40 BaseClass:/Game/FPSPuzzleSP/Blueprints/BP_Cables.BP_Cables_C NativeClass:/Script/Engine.Actor Name:BP_Cables_C_UAID_088FC3435E6A846701_1998396163 Label:BP_Cables6 SpatiallyLoaded:1 Bounds:IsValid=true, Min=(X=660.000 Y=265.000 Z=-40.000), Max=(X=660.000 Y=815.000 Z=60.000) RuntimeGrid:None EditorOnly:0 RuntimeOnly:0 HLODRelevant:0 FolderPath:PianoEnigma FolderGuid:D2D2281F40A8B5E5388399B752818580
 |   |   |- Guid:DA911D544B619967AB2F1496DF7917EE BaseClass: NativeClass:/Script/Engine.VolumetricCloud Name:VolumetricCloud_0 Label:VolumetricCloud SpatiallyLoaded:0 Bounds:IsValid=true, Min=(X=0.000 Y=0.000 Z=820.000), Max=(X=0.000 Y=0.000 Z=820.000) RuntimeGrid:None EditorOnly:0 RuntimeOnly:0 HLODRelevant:0 FolderPath:Lighting FolderGuid:0BA5F0A04EADB18E70D5B180D08FA34B
 |   |   |- Guid:E674A04846F9590DB6CFEEBED387E590 BaseClass:/Game/BP_Button_Piano.BP_Button_Piano_C NativeClass:/Script/Engine.Actor Name:BP_Button_Piano_C_UAID_088FC3435E6A846701_1994736162 Label:BP_Button_Piano2 SpatiallyLoaded:1 Bounds:IsValid=true, Min=(X=927.500 Y=814.500 Z=49.713), Max=(X=1052.500 Y=939.500 Z=69.250) RuntimeGrid:None EditorOnly:0 RuntimeOnly:0 HLODRelevant:0 FolderPath:PianoEnigma FolderGuid:D2D2281F40A8B5E5388399B752818580
 |   |   |- Guid:E961FA534E34CDFBA9CCD7BBAC46CC5E BaseClass:/Game/FPSPuzzleSP/Blueprints/BP_Door.BP_Door_C NativeClass:/Script/Engine.Actor Name:BP_Door_C_UAID_088FC3435E6A876601_1504363659 Label:BP_Door SpatiallyLoaded:1 Bounds:IsValid=true, Min=(X=1492.500 Y=1620.000 Z=50.000), Max=(X=1497.500 Y=2020.000 Z=450.000) RuntimeGrid:None EditorOnly:0 RuntimeOnly:0 HLODRelevant:0 FolderPath:DoorEnigma FolderGuid:CE9C6B0545ECA287382BD39C0401609A
 |   |   |- Guid:EA91071C4413C319AA210FBF233C09BB BaseClass: NativeClass:/Script/Engine.StaticMeshActor Name:StaticMeshActor_UAID_A4AE111137DC5EFB00_2001720423 Label:SM_SkySphere SpatiallyLoaded:0 Bounds:IsValid=true, Min=(X=-1638400.000 Y=-1638400.000 Z=-1638400.000), Max=(X=1638400.000 Y=1638400.000 Z=1638400.000) RuntimeGrid:None EditorOnly:0 RuntimeOnly:0 HLODRelevant:1 FolderPath:Lighting FolderGuid:0BA5F0A04EADB18E70D5B180D08FA34B
 |   |- [+] Clusters:
 |   |   |- [+] [  0]
 |   |   |   |- Guid:A76CBAE94A2017DB19FEE7BBB7AD5731 BaseClass: NativeClass:/Script/Engine.TextRenderActor Name:TextRenderActor_1 Label:TextRenderActor SpatiallyLoaded:1 Bounds:IsValid=true, Min=(X=-0.100 Y=1100.000 Z=65.013), Max=(X=-0.100 Y=2363.461 Z=215.013) RuntimeGrid:None EditorOnly:0 RuntimeOnly:0 HLODRelevant:0
 |   |   |- [+] [  1]
 |   |   |   |- Guid:2069E56C4D5B118572FD98B52142E696 BaseClass: NativeClass:/Script/Engine.ExponentialHeightFog Name:ExponentialHeightFog_0 Label:ExponentialHeightFog SpatiallyLoaded:0 Bounds:IsValid=true, Min=(X=-5600.000 Y=-50.000 Z=-6850.000), Max=(X=-5600.000 Y=-50.000 Z=-6850.000) RuntimeGrid:None EditorOnly:0 RuntimeOnly:0 HLODRelevant:0 FolderPath:Lighting FolderGuid:0BA5F0A04EADB18E70D5B180D08FA34B
 |   |   |- [+] [  2]
 |   |   |   |- Guid:DA911D544B619967AB2F1496DF7917EE BaseClass: NativeClass:/Script/Engine.VolumetricCloud Name:VolumetricCloud_0 Label:VolumetricCloud SpatiallyLoaded:0 Bounds:IsValid=true, Min=(X=0.000 Y=0.000 Z=820.000), Max=(X=0.000 Y=0.000 Z=820.000) RuntimeGrid:None EditorOnly:0 RuntimeOnly:0 HLODRelevant:0 FolderPath:Lighting FolderGuid:0BA5F0A04EADB18E70D5B180D08FA34B
 |   |   |- [+] [  3]
 |   |   |   |- Guid:3970EE3E449C00AE9E0EB0A2D014F654 BaseClass:/Game/FPSPuzzleSP/Blueprints/BP_PhysicObjectBase.BP_PhysicObjectBase_C NativeClass:/Script/Engine.Actor Name:BP_PhysicObjectBase_C_UAID_088FC3435E6A876601_2041180660 Label:BP_PhysicObjectBase SpatiallyLoaded:1 Bounds:IsValid=true, Min=(X=220.000 Y=1370.000 Z=120.000), Max=(X=300.000 Y=1450.000 Z=200.000) RuntimeGrid:None EditorOnly:0 RuntimeOnly:0 HLODRelevant:0
 |   |   |- [+] [  4]
 |   |   |   |- Guid:A7A790C44112DD24ACBA56B3D1904DEA BaseClass: NativeClass:/Script/Engine.DirectionalLight Name:DirectionalLight_1 Label:DirectionalLight SpatiallyLoaded:0 Bounds:IsValid=true, Min=(X=-4398046511104.000 Y=-4398046511104.000 Z=-4398046511104.000), Max=(X=4398046511104.000 Y=4398046511104.000 Z=4398046511104.000) RuntimeGrid:None EditorOnly:0 RuntimeOnly:0 HLODRelevant:0 FolderPath:Lighting FolderGuid:0BA5F0A04EADB18E70D5B180D08FA34B
 |   |   |- [+] [  5]
 |   |   |   |- Guid:B606BA8B4C0B42861ED9EA8DD4E4CE9E BaseClass:/Game/FPSPuzzleSP/Blueprints/BP_Cables.BP_Cables_C NativeClass:/Script/Engine.Actor Name:BP_Cables_C_UAID_088FC3435E6A876601_1296274645 Label:BP_Cables4 SpatiallyLoaded:1 Bounds:IsValid=true, Min=(X=820.000 Y=265.000 Z=-40.000), Max=(X=820.000 Y=815.000 Z=60.000) RuntimeGrid:None EditorOnly:0 RuntimeOnly:0 HLODRelevant:0 FolderPath:PianoEnigma FolderGuid:D2D2281F40A8B5E5388399B752818580
 |   |   |- [+] [  6]
 |   |   |   |- Guid:EA91071C4413C319AA210FBF233C09BB BaseClass: NativeClass:/Script/Engine.StaticMeshActor Name:StaticMeshActor_UAID_A4AE111137DC5EFB00_2001720423 Label:SM_SkySphere SpatiallyLoaded:0 Bounds:IsValid=true, Min=(X=-1638400.000 Y=-1638400.000 Z=-1638400.000), Max=(X=1638400.000 Y=1638400.000 Z=1638400.000) RuntimeGrid:None EditorOnly:0 RuntimeOnly:0 HLODRelevant:1 FolderPath:Lighting FolderGuid:0BA5F0A04EADB18E70D5B180D08FA34B
 |   |   |- [+] [  7]
 |   |   |   |- Guid:0F2274FB4CFFD5981DAFED945975310E BaseClass: NativeClass:/Script/Engine.PostProcessVolume Name:PostProcessVolume_0 Label:PostProcessVolume SpatiallyLoaded:0 Bounds:IsValid=true, Min=(X=0.000 Y=0.000 Z=400.000), Max=(X=200.000 Y=200.000 Z=600.000) RuntimeGrid:None EditorOnly:0 RuntimeOnly:0 HLODRelevant:0 FolderPath:Lighting FolderGuid:0BA5F0A04EADB18E70D5B180D08FA34B
 |   |   |- [+] [  8]
 |   |   |   |- Guid:A98FB34449741D62A382498DCB97C7A0 BaseClass: NativeClass:/Script/Engine.StaticMeshActor Name:StaticMeshActor_UAID_088FC3435E6A836601_1995890927 Label:Cube SpatiallyLoaded:1 Bounds:IsValid=true, Min=(X=-430.000 Y=-700.000 Z=27.500), Max=(X=2570.000 Y=2300.000 Z=52.500) RuntimeGrid:None EditorOnly:0 RuntimeOnly:0 HLODRelevant:1
 |   |   |- [+] [  9]
 |   |   |   |- Guid:27244BF74A599E72E4D50CB316317CB7 BaseClass: NativeClass:/Script/Engine.PlayerStart Name:PlayerStart_0 Label:PlayerStart SpatiallyLoaded:0 Bounds:IsValid=true, Min=(X=860.000 Y=1280.000 Z=0.013), Max=(X=940.000 Y=1360.000 Z=184.013) RuntimeGrid:None EditorOnly:0 RuntimeOnly:0 HLODRelevant:0
 |   |   |- [+] [ 10]
 |   |   |   |- Guid:6193193546831E0AFF4A1B9599C30CB9 BaseClass: NativeClass:/Script/Engine.SkyAtmosphere Name:SkyAtmosphere_0 Label:SkyAtmosphere SpatiallyLoaded:0 Bounds:IsValid=true, Min=(X=0.000 Y=0.000 Z=1020.000), Max=(X=0.000 Y=0.000 Z=1020.000) RuntimeGrid:None EditorOnly:0 RuntimeOnly:0 HLODRelevant:0 FolderPath:Lighting FolderGuid:0BA5F0A04EADB18E70D5B180D08FA34B
 |   |   |- [+] [ 11]
 |   |   |   |- Guid:23CECFD9416045DDD77928997E79F9D4 BaseClass: NativeClass:/Script/Engine.WorldDataLayers Name:WorldDataLayers Label:WorldDataLayers SpatiallyLoaded:0 Bounds:IsValid=true, Min=(X=0.000 Y=0.000 Z=0.000), Max=(X=0.000 Y=0.000 Z=0.000) RuntimeGrid:None EditorOnly:0 RuntimeOnly:0 HLODRelevant:0
 |   |   |- [+] [ 12]
 |   |   |   |- Guid:6D0B11A3424F2B5C7C060B841DC88223 BaseClass:/Game/FPSPuzzleSP/Blueprints/BP_Button.BP_Button_C NativeClass:/Script/Engine.Actor Name:BP_Button_C_UAID_088FC3435E6A876601_1494875658 Label:BP_Button11 SpatiallyLoaded:1 Bounds:IsValid=true, Min=(X=125.000 Y=1745.000 Z=49.713), Max=(X=375.000 Y=1995.000 Z=69.250) RuntimeGrid:None EditorOnly:0 RuntimeOnly:0 HLODRelevant:0 FolderPath:DoorEnigma FolderGuid:CE9C6B0545ECA287382BD39C0401609A
 |   |   |   |- Guid:E961FA534E34CDFBA9CCD7BBAC46CC5E BaseClass:/Game/FPSPuzzleSP/Blueprints/BP_Door.BP_Door_C NativeClass:/Script/Engine.Actor Name:BP_Door_C_UAID_088FC3435E6A876601_1504363659 Label:BP_Door SpatiallyLoaded:1 Bounds:IsValid=true, Min=(X=1492.500 Y=1620.000 Z=50.000), Max=(X=1497.500 Y=2020.000 Z=450.000) RuntimeGrid:None EditorOnly:0 RuntimeOnly:0 HLODRelevant:0 FolderPath:DoorEnigma FolderGuid:CE9C6B0545ECA287382BD39C0401609A
 |   |   |- [+] [ 13]
 |   |   |   |- Guid:B1B23098467152CD1C32E4BED7C1B2FA BaseClass: NativeClass:/Script/Engine.SkyLight Name:SkyLight_0 Label:SkyLight SpatiallyLoaded:0 Bounds:IsValid=true, Min=(X=0.000 Y=0.000 Z=690.000), Max=(X=0.000 Y=0.000 Z=690.000) RuntimeGrid:None EditorOnly:0 RuntimeOnly:0 HLODRelevant:0 FolderPath:Lighting FolderGuid:0BA5F0A04EADB18E70D5B180D08FA34B
 |   |   |- [+] [ 14]
 |   |   |   |- Guid:6CFD0AD54E1F020C3B8294AD72BBDDD6 BaseClass:/Game/FPSPuzzleSP/Blueprints/BP_Cables.BP_Cables_C NativeClass:/Script/Engine.Actor Name:BP_Cables_C_UAID_088FC3435E6A846701_1994722161 Label:BP_Cables5 SpatiallyLoaded:1 Bounds:IsValid=true, Min=(X=990.000 Y=265.000 Z=-40.000), Max=(X=990.000 Y=815.000 Z=60.000) RuntimeGrid:None EditorOnly:0 RuntimeOnly:0 HLODRelevant:0 FolderPath:PianoEnigma FolderGuid:D2D2281F40A8B5E5388399B752818580
 |   |   |- [+] [ 15]
 |   |   |   |- Guid:47F074544B8633A65537D8A3979CE3A5 BaseClass:/Game/BP_Button_Piano.BP_Button_Piano_C NativeClass:/Script/Engine.Actor Name:BP_Button_Piano_C_UAID_088FC3435E6A846701_1919146160 Label:BP_Button_Piano SpatiallyLoaded:1 Bounds:IsValid=true, Min=(X=757.500 Y=814.500 Z=49.713), Max=(X=882.500 Y=939.500 Z=69.250) RuntimeGrid:None EditorOnly:0 RuntimeOnly:0 HLODRelevant:0 FolderPath:PianoEnigma FolderGuid:D2D2281F40A8B5E5388399B752818580
 |   |   |   |- Guid:0C4A9156495F01D6A64D649FA4F05C8A BaseClass:/Game/BP_StairDoor_Piano.BP_StairDoor_Piano_C NativeClass:/Script/Engine.Actor Name:BP_StairDoor_Blueprint_C_UAID_088FC3435E6A836701_2054427983 Label:BP_StairDoor_Blueprint SpatiallyLoaded:1 Bounds:IsValid=true, Min=(X=690.000 Y=-660.000 Z=58.000), Max=(X=1090.000 Y=-60.000 Z=78.000) RuntimeGrid:None EditorOnly:0 RuntimeOnly:0 HLODRelevant:0 FolderPath:PianoEnigma FolderGuid:D2D2281F40A8B5E5388399B752818580
 |   |   |- [+] [ 16]
 |   |   |   |- Guid:E674A04846F9590DB6CFEEBED387E590 BaseClass:/Game/BP_Button_Piano.BP_Button_Piano_C NativeClass:/Script/Engine.Actor Name:BP_Button_Piano_C_UAID_088FC3435E6A846701_1994736162 Label:BP_Button_Piano2 SpatiallyLoaded:1 Bounds:IsValid=true, Min=(X=927.500 Y=814.500 Z=49.713), Max=(X=1052.500 Y=939.500 Z=69.250) RuntimeGrid:None EditorOnly:0 RuntimeOnly:0 HLODRelevant:0 FolderPath:PianoEnigma FolderGuid:D2D2281F40A8B5E5388399B752818580
 |   |   |- [+] [ 17]
 |   |   |   |- Guid:CEE220BD4F2C356206F0AE98B18F9A40 BaseClass:/Game/FPSPuzzleSP/Blueprints/BP_Cables.BP_Cables_C NativeClass:/Script/Engine.Actor Name:BP_Cables_C_UAID_088FC3435E6A846701_1998396163 Label:BP_Cables6 SpatiallyLoaded:1 Bounds:IsValid=true, Min=(X=660.000 Y=265.000 Z=-40.000), Max=(X=660.000 Y=815.000 Z=60.000) RuntimeGrid:None EditorOnly:0 RuntimeOnly:0 HLODRelevant:0 FolderPath:PianoEnigma FolderGuid:D2D2281F40A8B5E5388399B752818580
 |   |   |- [+] [ 18]
 |   |   |   |- Guid:0D8DB8324C4FA175A5DC9C886AC9A6CB BaseClass:/Game/BP_Button_Piano.BP_Button_Piano_C NativeClass:/Script/Engine.Actor Name:BP_Button_Piano_C_UAID_088FC3435E6A846701_1998400164 Label:BP_Button_Piano3 SpatiallyLoaded:1 Bounds:IsValid=true, Min=(X=597.500 Y=814.500 Z=49.713), Max=(X=722.500 Y=939.500 Z=69.250) RuntimeGrid:None EditorOnly:0 RuntimeOnly:0 HLODRelevant:0 FolderPath:PianoEnigma FolderGuid:D2D2281F40A8B5E5388399B752818580
 |   |   |- [+] [ 19]
 |   |   |   |- Guid:8AC55F8A49228A406ED5F4BD1DEEFBEB BaseClass:/Game/FPSPuzzleSP/Blueprints/BP_Cables.BP_Cables_C NativeClass:/Script/Engine.Actor Name:BP_Cables_C_UAID_088FC3435E6A846701_2000749165 Label:BP_Cables7 SpatiallyLoaded:1 Bounds:IsValid=true, Min=(X=1170.000 Y=265.000 Z=-40.000), Max=(X=1170.000 Y=815.000 Z=60.000) RuntimeGrid:None EditorOnly:0 RuntimeOnly:0 HLODRelevant:0 FolderPath:PianoEnigma FolderGuid:D2D2281F40A8B5E5388399B752818580
 |   |   |- [+] [ 20]
 |   |   |   |- Guid:4AE938C64C8C5DCF87FD8C861B7F13AC BaseClass:/Game/BP_Button_Piano.BP_Button_Piano_C NativeClass:/Script/Engine.Actor Name:BP_Button_Piano_C_UAID_088FC3435E6A846701_2000752166 Label:BP_Button_Piano4 SpatiallyLoaded:1 Bounds:IsValid=true, Min=(X=1107.500 Y=814.500 Z=49.713), Max=(X=1232.500 Y=939.500 Z=69.250) RuntimeGrid:None EditorOnly:0 RuntimeOnly:0 HLODRelevant:0 FolderPath:PianoEnigma FolderGuid:D2D2281F40A8B5E5388399B752818580
 |- ContainerInstances:
 |- [+] MainContainer:
 |   |-        ID: 0x0000000000000000
 |   |-    Bounds: IsValid=false, Min=(X=0.000 Y=0.000 Z=0.000), Max=(X=0.000 Y=0.000 Z=0.000)
 |   |- Transform: 0.000000,0.000000,0.000000|0.000000,0.000000,-0.000000|1.000000,1.000000,1.000000
 |   |- Container: /Game/Maps/PianoTest
----------------------------------------------------------------------------------------------------------------
PianoTest - Persistent Level
----------------------------------------------------------------------------------------------------------------
Always loaded Actor Count: 50 

----------------------------------------------------------------------------------------------------------------
PianoTest - Runtime Spatial Hash - Streaming Grid - MainGrid
----------------------------------------------------------------------------------------------------------------
            Origin: X=0.000 Y=0.000 Z=0.000
         Cell Size: 12800
      World Bounds: IsValid=false, Min=(X=0.000 Y=0.000 Z=0.000), Max=(X=0.000 Y=0.000 Z=0.000)
     Loading Range: 25600.00
Block Slow Loading: No
 ClientOnlyVisible: No

[+] Grid Levels: 1
 |- Level  0: Cell Count    0 | Cell Size   12800 | Actor Count    0 (0.0%)

[+] Content of Grid Level 0

